<?xml version="1.0" encoding="utf-8"?>
<CoverageSession>
  <Summary numSequencePoints="905" visitedSequencePoints="666" numBranchPoints="178" visitedBranchPoints="104" sequenceCoverage="73.59" branchCoverage="58.42" maxCyclomaticComplexity="253" minCyclomaticComplexity="253" visitedClasses="58" numClasses="76" visitedMethods="84" numMethods="104" />
  <Modules>
    <Module hash="86A94D9B-5F94-4665-B366-44D9A42B1910">
      <ModulePath>UniShare.dll</ModulePath>
      <ModuleTime>2026-01-16T04:35:01</ModuleTime>
      <ModuleName>UniShare</ModuleName>
      <Files>
        <File uid="1" fullPath="/home/cossi/Code/UniShare/Backend/UniShare/Program.cs" />
        <File uid="2" fullPath="/home/cossi/Code/UniShare/Backend/UniShare/Infrastructure/Validators/ApproveBookingValidator.cs" />
        <File uid="3" fullPath="/home/cossi/Code/UniShare/Backend/UniShare/Infrastructure/Validators/CreateBookingValidator.cs" />
        <File uid="4" fullPath="/home/cossi/Code/UniShare/Backend/UniShare/Infrastructure/Validators/CreateItemValidator.cs" />
        <File uid="5" fullPath="/home/cossi/Code/UniShare/Backend/UniShare/Infrastructure/Validators/CreateReviewValidator.cs" />
        <File uid="6" fullPath="/home/cossi/Code/UniShare/Backend/UniShare/Infrastructure/Validators/CreateUserValidator.cs" />
        <File uid="7" fullPath="/home/cossi/Code/UniShare/Backend/UniShare/Infrastructure/Validators/LoginRequestValidator.cs" />
        <File uid="8" fullPath="/home/cossi/Code/UniShare/Backend/UniShare/Infrastructure/Persistence/UniShareContext.cs" />
        <File uid="9" fullPath="/home/cossi/Code/UniShare/Backend/UniShare/Infrastructure/Features/Users/User.cs" />
        <File uid="10" fullPath="/home/cossi/Code/UniShare/Backend/UniShare/Infrastructure/Features/Users/Register/RegisterUserHandler.cs" />
        <File uid="11" fullPath="/home/cossi/Code/UniShare/Backend/UniShare/Infrastructure/Features/Users/Register/RegisterUserRequest.cs" />
        <File uid="12" fullPath="/home/cossi/Code/UniShare/Backend/UniShare/Infrastructure/Features/Users/Login/LoginHandler.cs" />
        <File uid="13" fullPath="/home/cossi/Code/UniShare/Backend/UniShare/Infrastructure/Features/Users/Login/LoginRequest.cs" />
        <File uid="14" fullPath="/home/cossi/Code/UniShare/Backend/UniShare/Infrastructure/Features/Users/Login/LoginResponse.cs" />
        <File uid="15" fullPath="/home/cossi/Code/UniShare/Backend/UniShare/Infrastructure/Features/Users/Login/UserDto.cs" />
        <File uid="16" fullPath="/home/cossi/Code/UniShare/Backend/UniShare/Infrastructure/Features/Users/GetAll/GetAllUsersHandler.cs" />
        <File uid="17" fullPath="/home/cossi/Code/UniShare/Backend/UniShare/Infrastructure/Features/Reviews/Review.cs" />
        <File uid="18" fullPath="/home/cossi/Code/UniShare/Backend/UniShare/Infrastructure/Features/Reviews/GetAll/GetAllReviewsHandler.cs" />
        <File uid="19" fullPath="/home/cossi/Code/UniShare/Backend/UniShare/Infrastructure/Features/Reviews/GetAll/GetAllReviewsRequest.cs" />
        <File uid="20" fullPath="/home/cossi/Code/UniShare/Backend/UniShare/Infrastructure/Features/Reviews/CreateReview/CreateReviewHandler.cs" />
        <File uid="21" fullPath="/home/cossi/Code/UniShare/Backend/UniShare/Infrastructure/Features/Reviews/CreateReview/CreateReviewRequest.cs" />
        <File uid="22" fullPath="/home/cossi/Code/UniShare/Backend/UniShare/Infrastructure/Features/Items/Item.cs" />
        <File uid="23" fullPath="/home/cossi/Code/UniShare/Backend/UniShare/Infrastructure/Features/Items/GetByOwner/GetItemsByOwnerHandler.cs" />
        <File uid="24" fullPath="/home/cossi/Code/UniShare/Backend/UniShare/Infrastructure/Features/Items/GetAll/GetAllItemsHandler.cs" />
        <File uid="25" fullPath="/home/cossi/Code/UniShare/Backend/UniShare/Infrastructure/Features/Items/GetAll/GetAllItemsRequest.cs" />
        <File uid="26" fullPath="/home/cossi/Code/UniShare/Backend/UniShare/Infrastructure/Features/Items/Delete/DeleteItemHandler.cs" />
        <File uid="27" fullPath="/home/cossi/Code/UniShare/Backend/UniShare/Infrastructure/Features/Items/CreateItem/CreateItemHandler.cs" />
        <File uid="28" fullPath="/home/cossi/Code/UniShare/Backend/UniShare/Infrastructure/Features/Items/CreateItem/CreateItemRequest.cs" />
        <File uid="29" fullPath="/home/cossi/Code/UniShare/Backend/UniShare/Infrastructure/Features/Bookings/Booking.cs" />
        <File uid="30" fullPath="/home/cossi/Code/UniShare/Backend/UniShare/Infrastructure/Features/Bookings/BookingBackgroundService.cs" />
        <File uid="31" fullPath="/home/cossi/Code/UniShare/Backend/UniShare/Infrastructure/Features/Bookings/GetAll/GetAllBookingHandler.cs" />
        <File uid="32" fullPath="/home/cossi/Code/UniShare/Backend/UniShare/Infrastructure/Features/Bookings/GetAll/GettAllBookingsRequest.cs" />
        <File uid="33" fullPath="/home/cossi/Code/UniShare/Backend/UniShare/Infrastructure/Features/Bookings/CreateBooking/CreateBookingHandler.cs" />
        <File uid="34" fullPath="/home/cossi/Code/UniShare/Backend/UniShare/Infrastructure/Features/Bookings/CreateBooking/CreateBookingRequest.cs" />
        <File uid="35" fullPath="/home/cossi/Code/UniShare/Backend/UniShare/Infrastructure/Features/Bookings/CompleteBooking/CompleteBookingHandler.cs" />
        <File uid="36" fullPath="/home/cossi/Code/UniShare/Backend/UniShare/Infrastructure/Features/Bookings/ApproveBooking/ApproveBookingBody.cs" />
        <File uid="37" fullPath="/home/cossi/Code/UniShare/Backend/UniShare/Infrastructure/Features/Bookings/ApproveBooking/ApproveBookingHandler.cs" />
        <File uid="38" fullPath="/home/cossi/Code/UniShare/Backend/UniShare/Infrastructure/Features/Bookings/ApproveBooking/ApproveBookingRequest.cs" />
        <File uid="39" fullPath="/home/cossi/Code/UniShare/Backend/UniShare/Common/AuthenticationMiddleware.cs" />
        <File uid="40" fullPath="/home/cossi/Code/UniShare/Backend/UniShare/Common/Log.cs" />
        <File uid="41" fullPath="/home/cossi/Code/UniShare/Backend/UniShare/Api/BookingApi.cs" />
        <File uid="42" fullPath="/home/cossi/Code/UniShare/Backend/UniShare/Api/ItemApi.cs" />
        <File uid="43" fullPath="/home/cossi/Code/UniShare/Backend/UniShare/Api/ReviewApi.cs" />
        <File uid="44" fullPath="/home/cossi/Code/UniShare/Backend/UniShare/Api/UserApi.cs" />
      </Files>
      <Classes>
        <Class>
          <Summary numSequencePoints="78" visitedSequencePoints="57" numBranchPoints="6" visitedBranchPoints="2" sequenceCoverage="73.07" branchCoverage="33.33" maxCyclomaticComplexity="6" minCyclomaticComplexity="6" visitedClasses="1" numClasses="1" visitedMethods="1" numMethods="1" />
          <FullName>Program/&lt;&lt;Main&gt;$&gt;d__0</FullName>
          <Methods>
            <Method cyclomaticComplexity="6" nPathComplexity="6" sequenceCoverage="73.07" branchCoverage="33.33" isConstructor="False" isGetter="False" isSetter="False" isStatic="True">
              <Summary numSequencePoints="78" visitedSequencePoints="57" numBranchPoints="6" visitedBranchPoints="2" sequenceCoverage="73.07" branchCoverage="33.33" maxCyclomaticComplexity="6" minCyclomaticComplexity="6" visitedClasses="0" numClasses="0" visitedMethods="1" numMethods="1" />
              <MetadataToken />
              <Name>System.Void Program/&lt;&lt;Main&gt;$&gt;d__0::MoveNext()</Name>
              <FileRef uid="1" />
              <SequencePoints>
                <SequencePoint vc="1" uspid="19" ordinal="0" sl="19" sc="1" el="19" ec="2" bec="0" bev="0" fileid="1" />
                <SequencePoint vc="1" uspid="22" ordinal="1" sl="22" sc="1" el="22" ec="2" bec="0" bev="0" fileid="1" />
                <SequencePoint vc="1" uspid="23" ordinal="2" sl="23" sc="1" el="23" ec="2" bec="0" bev="0" fileid="1" />
                <SequencePoint vc="1" uspid="24" ordinal="3" sl="24" sc="1" el="24" ec="2" bec="0" bev="0" fileid="1" />
                <SequencePoint vc="1" uspid="25" ordinal="4" sl="25" sc="1" el="25" ec="2" bec="0" bev="0" fileid="1" />
                <SequencePoint vc="1" uspid="26" ordinal="5" sl="26" sc="1" el="26" ec="2" bec="0" bev="0" fileid="1" />
                <SequencePoint vc="2" uspid="27" ordinal="6" sl="27" sc="1" el="27" ec="2" bec="0" bev="0" fileid="1" />
                <SequencePoint vc="1" uspid="30" ordinal="7" sl="30" sc="1" el="30" ec="2" bec="2" bev="1" fileid="1" />
                <SequencePoint vc="1" uspid="31" ordinal="8" sl="31" sc="1" el="31" ec="2" bec="0" bev="0" fileid="1" />
                <SequencePoint vc="1" uspid="32" ordinal="9" sl="32" sc="1" el="32" ec="2" bec="0" bev="0" fileid="1" />
                <SequencePoint vc="13" uspid="33" ordinal="10" sl="33" sc="1" el="33" ec="2" bec="0" bev="0" fileid="1" />
                <SequencePoint vc="1" uspid="34" ordinal="11" sl="34" sc="1" el="34" ec="2" bec="0" bev="0" fileid="1" />
                <SequencePoint vc="0" uspid="36" ordinal="12" sl="36" sc="1" el="36" ec="2" bec="0" bev="0" fileid="1" />
                <SequencePoint vc="0" uspid="37" ordinal="13" sl="37" sc="1" el="37" ec="2" bec="0" bev="0" fileid="1" />
                <SequencePoint vc="0" uspid="38" ordinal="14" sl="38" sc="1" el="38" ec="2" bec="2" bev="0" fileid="1" />
                <SequencePoint vc="0" uspid="39" ordinal="15" sl="39" sc="1" el="39" ec="2" bec="0" bev="0" fileid="1" />
                <SequencePoint vc="0" uspid="40" ordinal="16" sl="40" sc="1" el="40" ec="2" bec="0" bev="0" fileid="1" />
                <SequencePoint vc="0" uspid="41" ordinal="17" sl="41" sc="1" el="41" ec="2" bec="0" bev="0" fileid="1" />
                <SequencePoint vc="0" uspid="42" ordinal="18" sl="42" sc="1" el="42" ec="2" bec="0" bev="0" fileid="1" />
                <SequencePoint vc="0" uspid="43" ordinal="19" sl="43" sc="1" el="43" ec="2" bec="0" bev="0" fileid="1" />
                <SequencePoint vc="0" uspid="45" ordinal="20" sl="45" sc="1" el="45" ec="2" bec="0" bev="0" fileid="1" />
                <SequencePoint vc="0" uspid="46" ordinal="21" sl="46" sc="1" el="46" ec="2" bec="0" bev="0" fileid="1" />
                <SequencePoint vc="0" uspid="47" ordinal="22" sl="47" sc="1" el="47" ec="2" bec="0" bev="0" fileid="1" />
                <SequencePoint vc="0" uspid="48" ordinal="23" sl="48" sc="1" el="48" ec="2" bec="0" bev="0" fileid="1" />
                <SequencePoint vc="0" uspid="49" ordinal="24" sl="49" sc="1" el="49" ec="2" bec="0" bev="0" fileid="1" />
                <SequencePoint vc="0" uspid="50" ordinal="25" sl="50" sc="1" el="50" ec="2" bec="0" bev="0" fileid="1" />
                <SequencePoint vc="1" uspid="52" ordinal="26" sl="52" sc="1" el="52" ec="2" bec="0" bev="0" fileid="1" />
                <SequencePoint vc="1" uspid="55" ordinal="27" sl="55" sc="1" el="55" ec="2" bec="0" bev="0" fileid="1" />
                <SequencePoint vc="1" uspid="56" ordinal="28" sl="56" sc="1" el="56" ec="2" bec="0" bev="0" fileid="1" />
                <SequencePoint vc="1" uspid="57" ordinal="29" sl="57" sc="1" el="57" ec="2" bec="0" bev="0" fileid="1" />
                <SequencePoint vc="1" uspid="58" ordinal="30" sl="58" sc="1" el="58" ec="2" bec="0" bev="0" fileid="1" />
                <SequencePoint vc="1" uspid="59" ordinal="31" sl="59" sc="1" el="59" ec="2" bec="0" bev="0" fileid="1" />
                <SequencePoint vc="1" uspid="60" ordinal="32" sl="60" sc="1" el="60" ec="2" bec="0" bev="0" fileid="1" />
                <SequencePoint vc="1" uspid="61" ordinal="33" sl="61" sc="1" el="61" ec="2" bec="0" bev="0" fileid="1" />
                <SequencePoint vc="1" uspid="62" ordinal="34" sl="62" sc="1" el="62" ec="2" bec="0" bev="0" fileid="1" />
                <SequencePoint vc="1" uspid="63" ordinal="35" sl="63" sc="1" el="63" ec="2" bec="0" bev="0" fileid="1" />
                <SequencePoint vc="1" uspid="64" ordinal="36" sl="64" sc="1" el="64" ec="2" bec="0" bev="0" fileid="1" />
                <SequencePoint vc="1" uspid="65" ordinal="37" sl="65" sc="1" el="65" ec="2" bec="0" bev="0" fileid="1" />
                <SequencePoint vc="1" uspid="66" ordinal="38" sl="66" sc="1" el="66" ec="2" bec="0" bev="0" fileid="1" />
                <SequencePoint vc="1" uspid="67" ordinal="39" sl="67" sc="1" el="67" ec="2" bec="0" bev="0" fileid="1" />
                <SequencePoint vc="1" uspid="68" ordinal="40" sl="68" sc="1" el="68" ec="2" bec="0" bev="0" fileid="1" />
                <SequencePoint vc="1" uspid="69" ordinal="41" sl="69" sc="1" el="69" ec="2" bec="0" bev="0" fileid="1" />
                <SequencePoint vc="1" uspid="70" ordinal="42" sl="70" sc="1" el="70" ec="2" bec="0" bev="0" fileid="1" />
                <SequencePoint vc="2" uspid="71" ordinal="43" sl="71" sc="1" el="71" ec="2" bec="0" bev="0" fileid="1" />
                <SequencePoint vc="1" uspid="72" ordinal="44" sl="72" sc="1" el="72" ec="2" bec="0" bev="0" fileid="1" />
                <SequencePoint vc="1" uspid="76" ordinal="45" sl="76" sc="1" el="76" ec="2" bec="0" bev="0" fileid="1" />
                <SequencePoint vc="1" uspid="77" ordinal="46" sl="77" sc="1" el="77" ec="2" bec="0" bev="0" fileid="1" />
                <SequencePoint vc="1" uspid="78" ordinal="47" sl="78" sc="1" el="78" ec="2" bec="0" bev="0" fileid="1" />
                <SequencePoint vc="1" uspid="79" ordinal="48" sl="79" sc="1" el="79" ec="2" bec="0" bev="0" fileid="1" />
                <SequencePoint vc="1" uspid="80" ordinal="49" sl="80" sc="1" el="80" ec="2" bec="0" bev="0" fileid="1" />
                <SequencePoint vc="1" uspid="81" ordinal="50" sl="81" sc="1" el="81" ec="2" bec="0" bev="0" fileid="1" />
                <SequencePoint vc="1" uspid="82" ordinal="51" sl="82" sc="1" el="82" ec="2" bec="0" bev="0" fileid="1" />
                <SequencePoint vc="1" uspid="83" ordinal="52" sl="83" sc="1" el="83" ec="2" bec="0" bev="0" fileid="1" />
                <SequencePoint vc="1" uspid="84" ordinal="53" sl="84" sc="1" el="84" ec="2" bec="0" bev="0" fileid="1" />
                <SequencePoint vc="2" uspid="85" ordinal="54" sl="85" sc="1" el="85" ec="2" bec="0" bev="0" fileid="1" />
                <SequencePoint vc="2" uspid="86" ordinal="55" sl="86" sc="1" el="86" ec="2" bec="0" bev="0" fileid="1" />
                <SequencePoint vc="1" uspid="90" ordinal="56" sl="90" sc="1" el="90" ec="2" bec="0" bev="0" fileid="1" />
                <SequencePoint vc="1" uspid="91" ordinal="57" sl="91" sc="1" el="91" ec="2" bec="0" bev="0" fileid="1" />
                <SequencePoint vc="1" uspid="93" ordinal="58" sl="93" sc="1" el="93" ec="2" bec="0" bev="0" fileid="1" />
                <SequencePoint vc="1" uspid="96" ordinal="59" sl="96" sc="1" el="96" ec="2" bec="2" bev="1" fileid="1" />
                <SequencePoint vc="0" uspid="97" ordinal="60" sl="97" sc="1" el="97" ec="2" bec="0" bev="0" fileid="1" />
                <SequencePoint vc="0" uspid="98" ordinal="61" sl="98" sc="1" el="98" ec="2" bec="0" bev="0" fileid="1" />
                <SequencePoint vc="0" uspid="99" ordinal="62" sl="99" sc="1" el="99" ec="2" bec="0" bev="0" fileid="1" />
                <SequencePoint vc="0" uspid="100" ordinal="63" sl="100" sc="1" el="100" ec="2" bec="0" bev="0" fileid="1" />
                <SequencePoint vc="0" uspid="101" ordinal="64" sl="101" sc="1" el="101" ec="2" bec="0" bev="0" fileid="1" />
                <SequencePoint vc="0" uspid="102" ordinal="65" sl="102" sc="1" el="102" ec="2" bec="0" bev="0" fileid="1" />
                <SequencePoint vc="0" uspid="103" ordinal="66" sl="103" sc="1" el="103" ec="2" bec="0" bev="0" fileid="1" />
                <SequencePoint vc="1" uspid="106" ordinal="67" sl="106" sc="1" el="106" ec="2" bec="0" bev="0" fileid="1" />
                <SequencePoint vc="1" uspid="107" ordinal="68" sl="107" sc="1" el="107" ec="2" bec="0" bev="0" fileid="1" />
                <SequencePoint vc="1" uspid="110" ordinal="69" sl="110" sc="1" el="110" ec="2" bec="0" bev="0" fileid="1" />
                <SequencePoint vc="1" uspid="113" ordinal="70" sl="113" sc="1" el="113" ec="2" bec="0" bev="0" fileid="1" />
                <SequencePoint vc="1" uspid="115" ordinal="71" sl="115" sc="1" el="115" ec="2" bec="0" bev="0" fileid="1" />
                <SequencePoint vc="1" uspid="117" ordinal="72" sl="117" sc="1" el="117" ec="2" bec="0" bev="0" fileid="1" />
                <SequencePoint vc="1" uspid="118" ordinal="73" sl="118" sc="1" el="118" ec="2" bec="0" bev="0" fileid="1" />
                <SequencePoint vc="1" uspid="119" ordinal="74" sl="119" sc="1" el="119" ec="2" bec="0" bev="0" fileid="1" />
                <SequencePoint vc="1" uspid="120" ordinal="75" sl="120" sc="1" el="120" ec="2" bec="0" bev="0" fileid="1" />
                <SequencePoint vc="1" uspid="121" ordinal="76" sl="121" sc="1" el="121" ec="2" bec="0" bev="0" fileid="1" />
                <SequencePoint vc="1" uspid="123" ordinal="77" sl="123" sc="1" el="123" ec="2" bec="0" bev="0" fileid="1" />
              </SequencePoints>
              <BranchPoints>
                <BranchPoint vc="1" uspid="30" ordinal="0" path="0" offset="116" offsetend="118" sl="30" fileid="1" />
                <BranchPoint vc="0" uspid="30" ordinal="1" path="1" offset="116" offsetend="175" sl="30" fileid="1" />
                <BranchPoint vc="0" uspid="38" ordinal="2" path="0" offset="240" offsetend="242" sl="38" fileid="1" />
                <BranchPoint vc="0" uspid="38" ordinal="3" path="1" offset="240" offsetend="282" sl="38" fileid="1" />
                <BranchPoint vc="0" uspid="96" ordinal="4" path="0" offset="822" offsetend="827" sl="96" fileid="1" />
                <BranchPoint vc="1" uspid="96" ordinal="5" path="1" offset="822" offsetend="1044" sl="96" fileid="1" />
              </BranchPoints>
              <MethodPoint vc="57" uspid="0" p8:type="SequencePoint" ordinal="0" offset="0" sc="0" sl="19" ec="1" el="123" bec="0" bev="0" fileid="1" xmlns:p8="xsi" />
            </Method>
          </Methods>
        </Class>
        <Class>
          <Summary numSequencePoints="6" visitedSequencePoints="6" numBranchPoints="0" visitedBranchPoints="0" sequenceCoverage="100" branchCoverage="100" maxCyclomaticComplexity="1" minCyclomaticComplexity="1" visitedClasses="1" numClasses="1" visitedMethods="1" numMethods="1" />
          <FullName>UniShare.Infrastructure.Validators.ApproveBookingValidator</FullName>
          <Methods>
            <Method cyclomaticComplexity="1" nPathComplexity="1" sequenceCoverage="100" branchCoverage="100" isConstructor="True" isGetter="False" isSetter="False" isStatic="True">
              <Summary numSequencePoints="6" visitedSequencePoints="6" numBranchPoints="0" visitedBranchPoints="0" sequenceCoverage="100" branchCoverage="100" maxCyclomaticComplexity="1" minCyclomaticComplexity="1" visitedClasses="0" numClasses="0" visitedMethods="1" numMethods="1" />
              <MetadataToken />
              <Name>System.Void UniShare.Infrastructure.Validators.ApproveBookingValidator::.ctor()</Name>
              <FileRef uid="2" />
              <SequencePoints>
                <SequencePoint vc="2" uspid="8" ordinal="0" sl="8" sc="1" el="8" ec="2" bec="0" bev="0" fileid="2" />
                <SequencePoint vc="2" uspid="9" ordinal="1" sl="9" sc="1" el="9" ec="2" bec="0" bev="0" fileid="2" />
                <SequencePoint vc="2" uspid="10" ordinal="2" sl="10" sc="1" el="10" ec="2" bec="0" bev="0" fileid="2" />
                <SequencePoint vc="2" uspid="11" ordinal="3" sl="11" sc="1" el="11" ec="2" bec="0" bev="0" fileid="2" />
                <SequencePoint vc="2" uspid="12" ordinal="4" sl="12" sc="1" el="12" ec="2" bec="0" bev="0" fileid="2" />
                <SequencePoint vc="2" uspid="13" ordinal="5" sl="13" sc="1" el="13" ec="2" bec="0" bev="0" fileid="2" />
              </SequencePoints>
              <BranchPoints />
              <MethodPoint vc="6" uspid="0" p8:type="SequencePoint" ordinal="0" offset="0" sc="0" sl="8" ec="1" el="13" bec="0" bev="0" fileid="2" xmlns:p8="xsi" />
            </Method>
          </Methods>
        </Class>
        <Class>
          <Summary numSequencePoints="20" visitedSequencePoints="0" numBranchPoints="2" visitedBranchPoints="0" sequenceCoverage="0" branchCoverage="0" maxCyclomaticComplexity="2" minCyclomaticComplexity="2" visitedClasses="0" numClasses="1" visitedMethods="0" numMethods="1" />
          <FullName>UniShare.Infrastructure.Validators.CreateBookingValidator</FullName>
          <Methods>
            <Method cyclomaticComplexity="2" nPathComplexity="2" sequenceCoverage="0" branchCoverage="0" isConstructor="True" isGetter="False" isSetter="False" isStatic="True">
              <Summary numSequencePoints="20" visitedSequencePoints="0" numBranchPoints="2" visitedBranchPoints="0" sequenceCoverage="0" branchCoverage="0" maxCyclomaticComplexity="2" minCyclomaticComplexity="2" visitedClasses="0" numClasses="0" visitedMethods="0" numMethods="1" />
              <MetadataToken />
              <Name>System.Void UniShare.Infrastructure.Validators.CreateBookingValidator::.ctor()</Name>
              <FileRef uid="3" />
              <SequencePoints>
                <SequencePoint vc="0" uspid="8" ordinal="0" sl="8" sc="1" el="8" ec="2" bec="0" bev="0" fileid="3" />
                <SequencePoint vc="0" uspid="9" ordinal="1" sl="9" sc="1" el="9" ec="2" bec="0" bev="0" fileid="3" />
                <SequencePoint vc="0" uspid="10" ordinal="2" sl="10" sc="1" el="10" ec="2" bec="0" bev="0" fileid="3" />
                <SequencePoint vc="0" uspid="11" ordinal="3" sl="11" sc="1" el="11" ec="2" bec="0" bev="0" fileid="3" />
                <SequencePoint vc="0" uspid="12" ordinal="4" sl="12" sc="1" el="12" ec="2" bec="0" bev="0" fileid="3" />
                <SequencePoint vc="0" uspid="14" ordinal="5" sl="14" sc="1" el="14" ec="2" bec="0" bev="0" fileid="3" />
                <SequencePoint vc="0" uspid="15" ordinal="6" sl="15" sc="1" el="15" ec="2" bec="0" bev="0" fileid="3" />
                <SequencePoint vc="0" uspid="16" ordinal="7" sl="16" sc="1" el="16" ec="2" bec="0" bev="0" fileid="3" />
                <SequencePoint vc="0" uspid="18" ordinal="8" sl="18" sc="1" el="18" ec="2" bec="0" bev="0" fileid="3" />
                <SequencePoint vc="0" uspid="19" ordinal="9" sl="19" sc="1" el="19" ec="2" bec="0" bev="0" fileid="3" />
                <SequencePoint vc="0" uspid="20" ordinal="10" sl="20" sc="1" el="20" ec="2" bec="0" bev="0" fileid="3" />
                <SequencePoint vc="0" uspid="22" ordinal="11" sl="22" sc="1" el="22" ec="2" bec="0" bev="0" fileid="3" />
                <SequencePoint vc="0" uspid="23" ordinal="12" sl="23" sc="1" el="23" ec="2" bec="0" bev="0" fileid="3" />
                <SequencePoint vc="0" uspid="24" ordinal="13" sl="24" sc="1" el="24" ec="2" bec="0" bev="0" fileid="3" />
                <SequencePoint vc="0" uspid="25" ordinal="14" sl="25" sc="1" el="25" ec="2" bec="2" bev="0" fileid="3" />
                <SequencePoint vc="0" uspid="27" ordinal="15" sl="27" sc="1" el="27" ec="2" bec="0" bev="0" fileid="3" />
                <SequencePoint vc="0" uspid="28" ordinal="16" sl="28" sc="1" el="28" ec="2" bec="0" bev="0" fileid="3" />
                <SequencePoint vc="0" uspid="29" ordinal="17" sl="29" sc="1" el="29" ec="2" bec="0" bev="0" fileid="3" />
                <SequencePoint vc="0" uspid="30" ordinal="18" sl="30" sc="1" el="30" ec="2" bec="0" bev="0" fileid="3" />
                <SequencePoint vc="0" uspid="31" ordinal="19" sl="31" sc="1" el="31" ec="2" bec="0" bev="0" fileid="3" />
              </SequencePoints>
              <BranchPoints>
                <BranchPoint vc="0" uspid="25" ordinal="0" path="0" offset="20" offsetend="22" sl="25" fileid="3" />
                <BranchPoint vc="0" uspid="25" ordinal="1" path="1" offset="20" offsetend="44" sl="25" fileid="3" />
              </BranchPoints>
              <MethodPoint vc="0" uspid="0" p8:type="SequencePoint" ordinal="0" offset="0" sc="0" sl="8" ec="1" el="31" bec="0" bev="0" fileid="3" xmlns:p8="xsi" />
            </Method>
          </Methods>
        </Class>
        <Class>
          <Summary numSequencePoints="9" visitedSequencePoints="0" numBranchPoints="0" visitedBranchPoints="0" sequenceCoverage="0" branchCoverage="100" maxCyclomaticComplexity="1" minCyclomaticComplexity="1" visitedClasses="0" numClasses="1" visitedMethods="0" numMethods="1" />
          <FullName>UniShare.Infrastructure.Validators.CreateItemValidator</FullName>
          <Methods>
            <Method cyclomaticComplexity="1" nPathComplexity="1" sequenceCoverage="0" branchCoverage="100" isConstructor="True" isGetter="False" isSetter="False" isStatic="True">
              <Summary numSequencePoints="9" visitedSequencePoints="0" numBranchPoints="0" visitedBranchPoints="0" sequenceCoverage="0" branchCoverage="100" maxCyclomaticComplexity="1" minCyclomaticComplexity="1" visitedClasses="0" numClasses="0" visitedMethods="0" numMethods="1" />
              <MetadataToken />
              <Name>System.Void UniShare.Infrastructure.Validators.CreateItemValidator::.ctor()</Name>
              <FileRef uid="4" />
              <SequencePoints>
                <SequencePoint vc="0" uspid="8" ordinal="0" sl="8" sc="1" el="8" ec="2" bec="0" bev="0" fileid="4" />
                <SequencePoint vc="0" uspid="9" ordinal="1" sl="9" sc="1" el="9" ec="2" bec="0" bev="0" fileid="4" />
                <SequencePoint vc="0" uspid="10" ordinal="2" sl="10" sc="1" el="10" ec="2" bec="0" bev="0" fileid="4" />
                <SequencePoint vc="0" uspid="11" ordinal="3" sl="11" sc="1" el="11" ec="2" bec="0" bev="0" fileid="4" />
                <SequencePoint vc="0" uspid="12" ordinal="4" sl="12" sc="1" el="12" ec="2" bec="0" bev="0" fileid="4" />
                <SequencePoint vc="0" uspid="13" ordinal="5" sl="13" sc="1" el="13" ec="2" bec="0" bev="0" fileid="4" />
                <SequencePoint vc="0" uspid="14" ordinal="6" sl="14" sc="1" el="14" ec="2" bec="0" bev="0" fileid="4" />
                <SequencePoint vc="0" uspid="15" ordinal="7" sl="15" sc="1" el="15" ec="2" bec="0" bev="0" fileid="4" />
                <SequencePoint vc="0" uspid="16" ordinal="8" sl="16" sc="1" el="16" ec="2" bec="0" bev="0" fileid="4" />
              </SequencePoints>
              <BranchPoints />
              <MethodPoint vc="0" uspid="0" p8:type="SequencePoint" ordinal="0" offset="0" sc="0" sl="8" ec="1" el="16" bec="0" bev="0" fileid="4" xmlns:p8="xsi" />
            </Method>
          </Methods>
        </Class>
        <Class>
          <Summary numSequencePoints="16" visitedSequencePoints="0" numBranchPoints="0" visitedBranchPoints="0" sequenceCoverage="0" branchCoverage="100" maxCyclomaticComplexity="1" minCyclomaticComplexity="1" visitedClasses="0" numClasses="1" visitedMethods="0" numMethods="1" />
          <FullName>UniShare.Infrastructure.Validators.CreateReviewValidator</FullName>
          <Methods>
            <Method cyclomaticComplexity="1" nPathComplexity="1" sequenceCoverage="0" branchCoverage="100" isConstructor="True" isGetter="False" isSetter="False" isStatic="True">
              <Summary numSequencePoints="16" visitedSequencePoints="0" numBranchPoints="0" visitedBranchPoints="0" sequenceCoverage="0" branchCoverage="100" maxCyclomaticComplexity="1" minCyclomaticComplexity="1" visitedClasses="0" numClasses="0" visitedMethods="0" numMethods="1" />
              <MetadataToken />
              <Name>System.Void UniShare.Infrastructure.Validators.CreateReviewValidator::.ctor()</Name>
              <FileRef uid="5" />
              <SequencePoints>
                <SequencePoint vc="0" uspid="8" ordinal="0" sl="8" sc="1" el="8" ec="2" bec="0" bev="0" fileid="5" />
                <SequencePoint vc="0" uspid="9" ordinal="1" sl="9" sc="1" el="9" ec="2" bec="0" bev="0" fileid="5" />
                <SequencePoint vc="0" uspid="10" ordinal="2" sl="10" sc="1" el="10" ec="2" bec="0" bev="0" fileid="5" />
                <SequencePoint vc="0" uspid="11" ordinal="3" sl="11" sc="1" el="11" ec="2" bec="0" bev="0" fileid="5" />
                <SequencePoint vc="0" uspid="13" ordinal="4" sl="13" sc="1" el="13" ec="2" bec="0" bev="0" fileid="5" />
                <SequencePoint vc="0" uspid="14" ordinal="5" sl="14" sc="1" el="14" ec="2" bec="0" bev="0" fileid="5" />
                <SequencePoint vc="0" uspid="16" ordinal="6" sl="16" sc="1" el="16" ec="2" bec="0" bev="0" fileid="5" />
                <SequencePoint vc="0" uspid="17" ordinal="7" sl="17" sc="1" el="17" ec="2" bec="0" bev="0" fileid="5" />
                <SequencePoint vc="0" uspid="19" ordinal="8" sl="19" sc="1" el="19" ec="2" bec="0" bev="0" fileid="5" />
                <SequencePoint vc="0" uspid="20" ordinal="9" sl="20" sc="1" el="20" ec="2" bec="0" bev="0" fileid="5" />
                <SequencePoint vc="0" uspid="22" ordinal="10" sl="22" sc="1" el="22" ec="2" bec="0" bev="0" fileid="5" />
                <SequencePoint vc="0" uspid="23" ordinal="11" sl="23" sc="1" el="23" ec="2" bec="0" bev="0" fileid="5" />
                <SequencePoint vc="0" uspid="24" ordinal="12" sl="24" sc="1" el="24" ec="2" bec="0" bev="0" fileid="5" />
                <SequencePoint vc="0" uspid="26" ordinal="13" sl="26" sc="1" el="26" ec="2" bec="0" bev="0" fileid="5" />
                <SequencePoint vc="0" uspid="27" ordinal="14" sl="27" sc="1" el="27" ec="2" bec="0" bev="0" fileid="5" />
                <SequencePoint vc="0" uspid="28" ordinal="15" sl="28" sc="1" el="28" ec="2" bec="0" bev="0" fileid="5" />
              </SequencePoints>
              <BranchPoints />
              <MethodPoint vc="0" uspid="0" p8:type="SequencePoint" ordinal="0" offset="0" sc="0" sl="8" ec="1" el="28" bec="0" bev="0" fileid="5" xmlns:p8="xsi" />
            </Method>
          </Methods>
        </Class>
        <Class>
          <Summary numSequencePoints="12" visitedSequencePoints="12" numBranchPoints="0" visitedBranchPoints="0" sequenceCoverage="100" branchCoverage="100" maxCyclomaticComplexity="1" minCyclomaticComplexity="1" visitedClasses="1" numClasses="1" visitedMethods="1" numMethods="1" />
          <FullName>UniShare.Infrastructure.Validators.CreateUserValidator</FullName>
          <Methods>
            <Method cyclomaticComplexity="1" nPathComplexity="1" sequenceCoverage="100" branchCoverage="100" isConstructor="True" isGetter="False" isSetter="False" isStatic="True">
              <Summary numSequencePoints="12" visitedSequencePoints="12" numBranchPoints="0" visitedBranchPoints="0" sequenceCoverage="100" branchCoverage="100" maxCyclomaticComplexity="1" minCyclomaticComplexity="1" visitedClasses="0" numClasses="0" visitedMethods="1" numMethods="1" />
              <MetadataToken />
              <Name>System.Void UniShare.Infrastructure.Validators.CreateUserValidator::.ctor()</Name>
              <FileRef uid="6" />
              <SequencePoints>
                <SequencePoint vc="13" uspid="7" ordinal="0" sl="7" sc="1" el="7" ec="2" bec="0" bev="0" fileid="6" />
                <SequencePoint vc="13" uspid="8" ordinal="1" sl="8" sc="1" el="8" ec="2" bec="0" bev="0" fileid="6" />
                <SequencePoint vc="13" uspid="9" ordinal="2" sl="9" sc="1" el="9" ec="2" bec="0" bev="0" fileid="6" />
                <SequencePoint vc="13" uspid="10" ordinal="3" sl="10" sc="1" el="10" ec="2" bec="0" bev="0" fileid="6" />
                <SequencePoint vc="13" uspid="11" ordinal="4" sl="11" sc="1" el="11" ec="2" bec="0" bev="0" fileid="6" />
                <SequencePoint vc="13" uspid="12" ordinal="5" sl="12" sc="1" el="12" ec="2" bec="0" bev="0" fileid="6" />
                <SequencePoint vc="13" uspid="13" ordinal="6" sl="13" sc="1" el="13" ec="2" bec="0" bev="0" fileid="6" />
                <SequencePoint vc="13" uspid="14" ordinal="7" sl="14" sc="1" el="14" ec="2" bec="0" bev="0" fileid="6" />
                <SequencePoint vc="13" uspid="15" ordinal="8" sl="15" sc="1" el="15" ec="2" bec="0" bev="0" fileid="6" />
                <SequencePoint vc="13" uspid="16" ordinal="9" sl="16" sc="1" el="16" ec="2" bec="0" bev="0" fileid="6" />
                <SequencePoint vc="13" uspid="17" ordinal="10" sl="17" sc="1" el="17" ec="2" bec="0" bev="0" fileid="6" />
                <SequencePoint vc="13" uspid="18" ordinal="11" sl="18" sc="1" el="18" ec="2" bec="0" bev="0" fileid="6" />
              </SequencePoints>
              <BranchPoints />
              <MethodPoint vc="12" uspid="0" p8:type="SequencePoint" ordinal="0" offset="0" sc="0" sl="7" ec="1" el="18" bec="0" bev="0" fileid="6" xmlns:p8="xsi" />
            </Method>
          </Methods>
        </Class>
        <Class>
          <Summary numSequencePoints="12" visitedSequencePoints="12" numBranchPoints="0" visitedBranchPoints="0" sequenceCoverage="100" branchCoverage="100" maxCyclomaticComplexity="1" minCyclomaticComplexity="1" visitedClasses="1" numClasses="1" visitedMethods="1" numMethods="1" />
          <FullName>UniShare.Infrastructure.Validators.LoginRequestValidator</FullName>
          <Methods>
            <Method cyclomaticComplexity="1" nPathComplexity="1" sequenceCoverage="100" branchCoverage="100" isConstructor="True" isGetter="False" isSetter="False" isStatic="True">
              <Summary numSequencePoints="12" visitedSequencePoints="12" numBranchPoints="0" visitedBranchPoints="0" sequenceCoverage="100" branchCoverage="100" maxCyclomaticComplexity="1" minCyclomaticComplexity="1" visitedClasses="0" numClasses="0" visitedMethods="1" numMethods="1" />
              <MetadataToken />
              <Name>System.Void UniShare.Infrastructure.Validators.LoginRequestValidator::.ctor()</Name>
              <FileRef uid="7" />
              <SequencePoints>
                <SequencePoint vc="2" uspid="8" ordinal="0" sl="8" sc="1" el="8" ec="2" bec="0" bev="0" fileid="7" />
                <SequencePoint vc="2" uspid="9" ordinal="1" sl="9" sc="1" el="9" ec="2" bec="0" bev="0" fileid="7" />
                <SequencePoint vc="2" uspid="10" ordinal="2" sl="10" sc="1" el="10" ec="2" bec="0" bev="0" fileid="7" />
                <SequencePoint vc="2" uspid="11" ordinal="3" sl="11" sc="1" el="11" ec="2" bec="0" bev="0" fileid="7" />
                <SequencePoint vc="2" uspid="12" ordinal="4" sl="12" sc="1" el="12" ec="2" bec="0" bev="0" fileid="7" />
                <SequencePoint vc="2" uspid="13" ordinal="5" sl="13" sc="1" el="13" ec="2" bec="0" bev="0" fileid="7" />
                <SequencePoint vc="2" uspid="14" ordinal="6" sl="14" sc="1" el="14" ec="2" bec="0" bev="0" fileid="7" />
                <SequencePoint vc="2" uspid="16" ordinal="7" sl="16" sc="1" el="16" ec="2" bec="0" bev="0" fileid="7" />
                <SequencePoint vc="2" uspid="17" ordinal="8" sl="17" sc="1" el="17" ec="2" bec="0" bev="0" fileid="7" />
                <SequencePoint vc="2" uspid="18" ordinal="9" sl="18" sc="1" el="18" ec="2" bec="0" bev="0" fileid="7" />
                <SequencePoint vc="2" uspid="19" ordinal="10" sl="19" sc="1" el="19" ec="2" bec="0" bev="0" fileid="7" />
                <SequencePoint vc="2" uspid="20" ordinal="11" sl="20" sc="1" el="20" ec="2" bec="0" bev="0" fileid="7" />
              </SequencePoints>
              <BranchPoints />
              <MethodPoint vc="12" uspid="0" p8:type="SequencePoint" ordinal="0" offset="0" sc="0" sl="8" ec="1" el="20" bec="0" bev="0" fileid="7" xmlns:p8="xsi" />
            </Method>
          </Methods>
        </Class>
        <Class>
          <Summary numSequencePoints="94" visitedSequencePoints="94" numBranchPoints="0" visitedBranchPoints="0" sequenceCoverage="100" branchCoverage="100" maxCyclomaticComplexity="1" minCyclomaticComplexity="1" visitedClasses="1" numClasses="1" visitedMethods="6" numMethods="6" />
          <FullName>UniShare.Infrastructure.Persistence.UniShareContext</FullName>
          <Methods>
            <Method cyclomaticComplexity="1" nPathComplexity="1" sequenceCoverage="100" branchCoverage="100" isConstructor="False" isGetter="True" isSetter="False" isStatic="True">
              <Summary numSequencePoints="1" visitedSequencePoints="1" numBranchPoints="0" visitedBranchPoints="0" sequenceCoverage="100" branchCoverage="100" maxCyclomaticComplexity="1" minCyclomaticComplexity="1" visitedClasses="0" numClasses="0" visitedMethods="1" numMethods="1" />
              <MetadataToken />
              <Name>Microsoft.EntityFrameworkCore.DbSet`1&lt;UniShare.Infrastructure.Features.Users.User&gt; UniShare.Infrastructure.Persistence.UniShareContext::get_Users()</Name>
              <FileRef uid="8" />
              <SequencePoints>
                <SequencePoint vc="271" uspid="12" ordinal="0" sl="12" sc="1" el="12" ec="2" bec="0" bev="0" fileid="8" />
              </SequencePoints>
              <BranchPoints />
              <MethodPoint vc="1" uspid="0" p8:type="SequencePoint" ordinal="0" offset="0" sc="0" sl="12" ec="1" el="12" bec="0" bev="0" fileid="8" xmlns:p8="xsi" />
            </Method>
            <Method cyclomaticComplexity="1" nPathComplexity="1" sequenceCoverage="100" branchCoverage="100" isConstructor="False" isGetter="True" isSetter="False" isStatic="True">
              <Summary numSequencePoints="1" visitedSequencePoints="1" numBranchPoints="0" visitedBranchPoints="0" sequenceCoverage="100" branchCoverage="100" maxCyclomaticComplexity="1" minCyclomaticComplexity="1" visitedClasses="0" numClasses="0" visitedMethods="1" numMethods="1" />
              <MetadataToken />
              <Name>Microsoft.EntityFrameworkCore.DbSet`1&lt;UniShare.Infrastructure.Features.Items.Item&gt; UniShare.Infrastructure.Persistence.UniShareContext::get_Items()</Name>
              <FileRef uid="8" />
              <SequencePoints>
                <SequencePoint vc="235" uspid="13" ordinal="0" sl="13" sc="1" el="13" ec="2" bec="0" bev="0" fileid="8" />
              </SequencePoints>
              <BranchPoints />
              <MethodPoint vc="1" uspid="0" p8:type="SequencePoint" ordinal="1" offset="1" sc="0" sl="13" ec="1" el="13" bec="0" bev="0" fileid="8" xmlns:p8="xsi" />
            </Method>
            <Method cyclomaticComplexity="1" nPathComplexity="1" sequenceCoverage="100" branchCoverage="100" isConstructor="False" isGetter="True" isSetter="False" isStatic="True">
              <Summary numSequencePoints="1" visitedSequencePoints="1" numBranchPoints="0" visitedBranchPoints="0" sequenceCoverage="100" branchCoverage="100" maxCyclomaticComplexity="1" minCyclomaticComplexity="1" visitedClasses="0" numClasses="0" visitedMethods="1" numMethods="1" />
              <MetadataToken />
              <Name>Microsoft.EntityFrameworkCore.DbSet`1&lt;UniShare.Infrastructure.Features.Reviews.Review&gt; UniShare.Infrastructure.Persistence.UniShareContext::get_Reviews()</Name>
              <FileRef uid="8" />
              <SequencePoints>
                <SequencePoint vc="186" uspid="14" ordinal="0" sl="14" sc="1" el="14" ec="2" bec="0" bev="0" fileid="8" />
              </SequencePoints>
              <BranchPoints />
              <MethodPoint vc="1" uspid="0" p8:type="SequencePoint" ordinal="2" offset="2" sc="0" sl="14" ec="1" el="14" bec="0" bev="0" fileid="8" xmlns:p8="xsi" />
            </Method>
            <Method cyclomaticComplexity="1" nPathComplexity="1" sequenceCoverage="100" branchCoverage="100" isConstructor="False" isGetter="True" isSetter="False" isStatic="True">
              <Summary numSequencePoints="1" visitedSequencePoints="1" numBranchPoints="0" visitedBranchPoints="0" sequenceCoverage="100" branchCoverage="100" maxCyclomaticComplexity="1" minCyclomaticComplexity="1" visitedClasses="0" numClasses="0" visitedMethods="1" numMethods="1" />
              <MetadataToken />
              <Name>Microsoft.EntityFrameworkCore.DbSet`1&lt;UniShare.Infrastructure.Features.Bookings.Booking&gt; UniShare.Infrastructure.Persistence.UniShareContext::get_Bookings()</Name>
              <FileRef uid="8" />
              <SequencePoints>
                <SequencePoint vc="228" uspid="15" ordinal="0" sl="15" sc="1" el="15" ec="2" bec="0" bev="0" fileid="8" />
              </SequencePoints>
              <BranchPoints />
              <MethodPoint vc="1" uspid="0" p8:type="SequencePoint" ordinal="3" offset="3" sc="0" sl="15" ec="1" el="15" bec="0" bev="0" fileid="8" xmlns:p8="xsi" />
            </Method>
            <Method cyclomaticComplexity="1" nPathComplexity="1" sequenceCoverage="100" branchCoverage="100" isConstructor="False" isGetter="False" isSetter="False" isStatic="True">
              <Summary numSequencePoints="89" visitedSequencePoints="89" numBranchPoints="0" visitedBranchPoints="0" sequenceCoverage="100" branchCoverage="100" maxCyclomaticComplexity="1" minCyclomaticComplexity="1" visitedClasses="0" numClasses="0" visitedMethods="1" numMethods="1" />
              <MetadataToken />
              <Name>System.Void UniShare.Infrastructure.Persistence.UniShareContext::OnModelCreating(Microsoft.EntityFrameworkCore.ModelBuilder)</Name>
              <FileRef uid="8" />
              <SequencePoints>
                <SequencePoint vc="1" uspid="18" ordinal="0" sl="18" sc="1" el="18" ec="2" bec="0" bev="0" fileid="8" />
                <SequencePoint vc="1" uspid="19" ordinal="1" sl="19" sc="1" el="19" ec="2" bec="0" bev="0" fileid="8" />
                <SequencePoint vc="1" uspid="22" ordinal="2" sl="22" sc="1" el="22" ec="2" bec="0" bev="0" fileid="8" />
                <SequencePoint vc="1" uspid="23" ordinal="3" sl="23" sc="1" el="23" ec="2" bec="0" bev="0" fileid="8" />
                <SequencePoint vc="1" uspid="24" ordinal="4" sl="24" sc="1" el="24" ec="2" bec="0" bev="0" fileid="8" />
                <SequencePoint vc="1" uspid="25" ordinal="5" sl="25" sc="1" el="25" ec="2" bec="0" bev="0" fileid="8" />
                <SequencePoint vc="1" uspid="26" ordinal="6" sl="26" sc="1" el="26" ec="2" bec="0" bev="0" fileid="8" />
                <SequencePoint vc="1" uspid="27" ordinal="7" sl="27" sc="1" el="27" ec="2" bec="0" bev="0" fileid="8" />
                <SequencePoint vc="1" uspid="28" ordinal="8" sl="28" sc="1" el="28" ec="2" bec="0" bev="0" fileid="8" />
                <SequencePoint vc="1" uspid="29" ordinal="9" sl="29" sc="1" el="29" ec="2" bec="0" bev="0" fileid="8" />
                <SequencePoint vc="1" uspid="30" ordinal="10" sl="30" sc="1" el="30" ec="2" bec="0" bev="0" fileid="8" />
                <SequencePoint vc="1" uspid="31" ordinal="11" sl="31" sc="1" el="31" ec="2" bec="0" bev="0" fileid="8" />
                <SequencePoint vc="1" uspid="32" ordinal="12" sl="32" sc="1" el="32" ec="2" bec="0" bev="0" fileid="8" />
                <SequencePoint vc="1" uspid="33" ordinal="13" sl="33" sc="1" el="33" ec="2" bec="0" bev="0" fileid="8" />
                <SequencePoint vc="2" uspid="34" ordinal="14" sl="34" sc="1" el="34" ec="2" bec="0" bev="0" fileid="8" />
                <SequencePoint vc="1" uspid="36" ordinal="15" sl="36" sc="1" el="36" ec="2" bec="0" bev="0" fileid="8" />
                <SequencePoint vc="1" uspid="37" ordinal="16" sl="37" sc="1" el="37" ec="2" bec="0" bev="0" fileid="8" />
                <SequencePoint vc="1" uspid="38" ordinal="17" sl="38" sc="1" el="38" ec="2" bec="0" bev="0" fileid="8" />
                <SequencePoint vc="1" uspid="39" ordinal="18" sl="39" sc="1" el="39" ec="2" bec="0" bev="0" fileid="8" />
                <SequencePoint vc="1" uspid="40" ordinal="19" sl="40" sc="1" el="40" ec="2" bec="0" bev="0" fileid="8" />
                <SequencePoint vc="1" uspid="41" ordinal="20" sl="41" sc="1" el="41" ec="2" bec="0" bev="0" fileid="8" />
                <SequencePoint vc="1" uspid="42" ordinal="21" sl="42" sc="1" el="42" ec="2" bec="0" bev="0" fileid="8" />
                <SequencePoint vc="1" uspid="43" ordinal="22" sl="43" sc="1" el="43" ec="2" bec="0" bev="0" fileid="8" />
                <SequencePoint vc="1" uspid="44" ordinal="23" sl="44" sc="1" el="44" ec="2" bec="0" bev="0" fileid="8" />
                <SequencePoint vc="1" uspid="45" ordinal="24" sl="45" sc="1" el="45" ec="2" bec="0" bev="0" fileid="8" />
                <SequencePoint vc="1" uspid="46" ordinal="25" sl="46" sc="1" el="46" ec="2" bec="0" bev="0" fileid="8" />
                <SequencePoint vc="1" uspid="47" ordinal="26" sl="47" sc="1" el="47" ec="2" bec="0" bev="0" fileid="8" />
                <SequencePoint vc="1" uspid="48" ordinal="27" sl="48" sc="1" el="48" ec="2" bec="0" bev="0" fileid="8" />
                <SequencePoint vc="1" uspid="49" ordinal="28" sl="49" sc="1" el="49" ec="2" bec="0" bev="0" fileid="8" />
                <SequencePoint vc="1" uspid="50" ordinal="29" sl="50" sc="1" el="50" ec="2" bec="0" bev="0" fileid="8" />
                <SequencePoint vc="1" uspid="51" ordinal="30" sl="51" sc="1" el="51" ec="2" bec="0" bev="0" fileid="8" />
                <SequencePoint vc="1" uspid="52" ordinal="31" sl="52" sc="1" el="52" ec="2" bec="0" bev="0" fileid="8" />
                <SequencePoint vc="1" uspid="53" ordinal="32" sl="53" sc="1" el="53" ec="2" bec="0" bev="0" fileid="8" />
                <SequencePoint vc="1" uspid="54" ordinal="33" sl="54" sc="1" el="54" ec="2" bec="0" bev="0" fileid="8" />
                <SequencePoint vc="2" uspid="55" ordinal="34" sl="55" sc="1" el="55" ec="2" bec="0" bev="0" fileid="8" />
                <SequencePoint vc="1" uspid="57" ordinal="35" sl="57" sc="1" el="57" ec="2" bec="0" bev="0" fileid="8" />
                <SequencePoint vc="1" uspid="58" ordinal="36" sl="58" sc="1" el="58" ec="2" bec="0" bev="0" fileid="8" />
                <SequencePoint vc="1" uspid="59" ordinal="37" sl="59" sc="1" el="59" ec="2" bec="0" bev="0" fileid="8" />
                <SequencePoint vc="1" uspid="60" ordinal="38" sl="60" sc="1" el="60" ec="2" bec="0" bev="0" fileid="8" />
                <SequencePoint vc="1" uspid="61" ordinal="39" sl="61" sc="1" el="61" ec="2" bec="0" bev="0" fileid="8" />
                <SequencePoint vc="1" uspid="62" ordinal="40" sl="62" sc="1" el="62" ec="2" bec="0" bev="0" fileid="8" />
                <SequencePoint vc="1" uspid="63" ordinal="41" sl="63" sc="1" el="63" ec="2" bec="0" bev="0" fileid="8" />
                <SequencePoint vc="1" uspid="64" ordinal="42" sl="64" sc="1" el="64" ec="2" bec="0" bev="0" fileid="8" />
                <SequencePoint vc="1" uspid="65" ordinal="43" sl="65" sc="1" el="65" ec="2" bec="0" bev="0" fileid="8" />
                <SequencePoint vc="1" uspid="66" ordinal="44" sl="66" sc="1" el="66" ec="2" bec="0" bev="0" fileid="8" />
                <SequencePoint vc="1" uspid="67" ordinal="45" sl="67" sc="1" el="67" ec="2" bec="0" bev="0" fileid="8" />
                <SequencePoint vc="1" uspid="68" ordinal="46" sl="68" sc="1" el="68" ec="2" bec="0" bev="0" fileid="8" />
                <SequencePoint vc="1" uspid="69" ordinal="47" sl="69" sc="1" el="69" ec="2" bec="0" bev="0" fileid="8" />
                <SequencePoint vc="1" uspid="70" ordinal="48" sl="70" sc="1" el="70" ec="2" bec="0" bev="0" fileid="8" />
                <SequencePoint vc="1" uspid="71" ordinal="49" sl="71" sc="1" el="71" ec="2" bec="0" bev="0" fileid="8" />
                <SequencePoint vc="1" uspid="72" ordinal="50" sl="72" sc="1" el="72" ec="2" bec="0" bev="0" fileid="8" />
                <SequencePoint vc="1" uspid="73" ordinal="51" sl="73" sc="1" el="73" ec="2" bec="0" bev="0" fileid="8" />
                <SequencePoint vc="1" uspid="74" ordinal="52" sl="74" sc="1" el="74" ec="2" bec="0" bev="0" fileid="8" />
                <SequencePoint vc="1" uspid="75" ordinal="53" sl="75" sc="1" el="75" ec="2" bec="0" bev="0" fileid="8" />
                <SequencePoint vc="1" uspid="76" ordinal="54" sl="76" sc="1" el="76" ec="2" bec="0" bev="0" fileid="8" />
                <SequencePoint vc="1" uspid="77" ordinal="55" sl="77" sc="1" el="77" ec="2" bec="0" bev="0" fileid="8" />
                <SequencePoint vc="1" uspid="78" ordinal="56" sl="78" sc="1" el="78" ec="2" bec="0" bev="0" fileid="8" />
                <SequencePoint vc="1" uspid="79" ordinal="57" sl="79" sc="1" el="79" ec="2" bec="0" bev="0" fileid="8" />
                <SequencePoint vc="1" uspid="80" ordinal="58" sl="80" sc="1" el="80" ec="2" bec="0" bev="0" fileid="8" />
                <SequencePoint vc="1" uspid="81" ordinal="59" sl="81" sc="1" el="81" ec="2" bec="0" bev="0" fileid="8" />
                <SequencePoint vc="1" uspid="82" ordinal="60" sl="82" sc="1" el="82" ec="2" bec="0" bev="0" fileid="8" />
                <SequencePoint vc="1" uspid="83" ordinal="61" sl="83" sc="1" el="83" ec="2" bec="0" bev="0" fileid="8" />
                <SequencePoint vc="1" uspid="84" ordinal="62" sl="84" sc="1" el="84" ec="2" bec="0" bev="0" fileid="8" />
                <SequencePoint vc="1" uspid="85" ordinal="63" sl="85" sc="1" el="85" ec="2" bec="0" bev="0" fileid="8" />
                <SequencePoint vc="1" uspid="86" ordinal="64" sl="86" sc="1" el="86" ec="2" bec="0" bev="0" fileid="8" />
                <SequencePoint vc="1" uspid="87" ordinal="65" sl="87" sc="1" el="87" ec="2" bec="0" bev="0" fileid="8" />
                <SequencePoint vc="1" uspid="88" ordinal="66" sl="88" sc="1" el="88" ec="2" bec="0" bev="0" fileid="8" />
                <SequencePoint vc="1" uspid="89" ordinal="67" sl="89" sc="1" el="89" ec="2" bec="0" bev="0" fileid="8" />
                <SequencePoint vc="1" uspid="90" ordinal="68" sl="90" sc="1" el="90" ec="2" bec="0" bev="0" fileid="8" />
                <SequencePoint vc="1" uspid="91" ordinal="69" sl="91" sc="1" el="91" ec="2" bec="0" bev="0" fileid="8" />
                <SequencePoint vc="1" uspid="92" ordinal="70" sl="92" sc="1" el="92" ec="2" bec="0" bev="0" fileid="8" />
                <SequencePoint vc="2" uspid="93" ordinal="71" sl="93" sc="1" el="93" ec="2" bec="0" bev="0" fileid="8" />
                <SequencePoint vc="1" uspid="95" ordinal="72" sl="95" sc="1" el="95" ec="2" bec="0" bev="0" fileid="8" />
                <SequencePoint vc="1" uspid="96" ordinal="73" sl="96" sc="1" el="96" ec="2" bec="0" bev="0" fileid="8" />
                <SequencePoint vc="1" uspid="97" ordinal="74" sl="97" sc="1" el="97" ec="2" bec="0" bev="0" fileid="8" />
                <SequencePoint vc="1" uspid="98" ordinal="75" sl="98" sc="1" el="98" ec="2" bec="0" bev="0" fileid="8" />
                <SequencePoint vc="1" uspid="99" ordinal="76" sl="99" sc="1" el="99" ec="2" bec="0" bev="0" fileid="8" />
                <SequencePoint vc="1" uspid="100" ordinal="77" sl="100" sc="1" el="100" ec="2" bec="0" bev="0" fileid="8" />
                <SequencePoint vc="1" uspid="101" ordinal="78" sl="101" sc="1" el="101" ec="2" bec="0" bev="0" fileid="8" />
                <SequencePoint vc="1" uspid="102" ordinal="79" sl="102" sc="1" el="102" ec="2" bec="0" bev="0" fileid="8" />
                <SequencePoint vc="1" uspid="103" ordinal="80" sl="103" sc="1" el="103" ec="2" bec="0" bev="0" fileid="8" />
                <SequencePoint vc="1" uspid="104" ordinal="81" sl="104" sc="1" el="104" ec="2" bec="0" bev="0" fileid="8" />
                <SequencePoint vc="1" uspid="105" ordinal="82" sl="105" sc="1" el="105" ec="2" bec="0" bev="0" fileid="8" />
                <SequencePoint vc="1" uspid="106" ordinal="83" sl="106" sc="1" el="106" ec="2" bec="0" bev="0" fileid="8" />
                <SequencePoint vc="1" uspid="107" ordinal="84" sl="107" sc="1" el="107" ec="2" bec="0" bev="0" fileid="8" />
                <SequencePoint vc="1" uspid="108" ordinal="85" sl="108" sc="1" el="108" ec="2" bec="0" bev="0" fileid="8" />
                <SequencePoint vc="1" uspid="109" ordinal="86" sl="109" sc="1" el="109" ec="2" bec="0" bev="0" fileid="8" />
                <SequencePoint vc="2" uspid="110" ordinal="87" sl="110" sc="1" el="110" ec="2" bec="0" bev="0" fileid="8" />
                <SequencePoint vc="1" uspid="111" ordinal="88" sl="111" sc="1" el="111" ec="2" bec="0" bev="0" fileid="8" />
              </SequencePoints>
              <BranchPoints />
              <MethodPoint vc="89" uspid="0" p8:type="SequencePoint" ordinal="4" offset="4" sc="0" sl="18" ec="1" el="111" bec="0" bev="0" fileid="8" xmlns:p8="xsi" />
            </Method>
            <Method cyclomaticComplexity="1" nPathComplexity="1" sequenceCoverage="100" branchCoverage="100" isConstructor="True" isGetter="False" isSetter="False" isStatic="True">
              <Summary numSequencePoints="1" visitedSequencePoints="1" numBranchPoints="0" visitedBranchPoints="0" sequenceCoverage="100" branchCoverage="100" maxCyclomaticComplexity="1" minCyclomaticComplexity="1" visitedClasses="0" numClasses="0" visitedMethods="1" numMethods="1" />
              <MetadataToken />
              <Name>System.Void UniShare.Infrastructure.Persistence.UniShareContext::.ctor(Microsoft.EntityFrameworkCore.DbContextOptions`1&lt;UniShare.Infrastructure.Persistence.UniShareContext&gt;)</Name>
              <FileRef uid="8" />
              <SequencePoints>
                <SequencePoint vc="81" uspid="9" ordinal="0" sl="9" sc="1" el="9" ec="2" bec="0" bev="0" fileid="8" />
              </SequencePoints>
              <BranchPoints />
              <MethodPoint vc="1" uspid="0" p8:type="SequencePoint" ordinal="5" offset="5" sc="0" sl="9" ec="1" el="9" bec="0" bev="0" fileid="8" xmlns:p8="xsi" />
            </Method>
          </Methods>
        </Class>
        <Class>
          <Summary numSequencePoints="1" visitedSequencePoints="1" numBranchPoints="0" visitedBranchPoints="0" sequenceCoverage="100" branchCoverage="100" maxCyclomaticComplexity="1" minCyclomaticComplexity="1" visitedClasses="1" numClasses="1" visitedMethods="1" numMethods="1" />
          <FullName>UniShare.Infrastructure.Features.Users.User</FullName>
          <Methods>
            <Method cyclomaticComplexity="1" nPathComplexity="1" sequenceCoverage="100" branchCoverage="100" isConstructor="False" isGetter="True" isSetter="False" isStatic="True">
              <Summary numSequencePoints="1" visitedSequencePoints="1" numBranchPoints="0" visitedBranchPoints="0" sequenceCoverage="100" branchCoverage="100" maxCyclomaticComplexity="1" minCyclomaticComplexity="1" visitedClasses="0" numClasses="0" visitedMethods="1" numMethods="1" />
              <MetadataToken />
              <Name>System.Guid UniShare.Infrastructure.Features.Users.User::get_Id()</Name>
              <FileRef uid="9" />
              <SequencePoints>
                <SequencePoint vc="202" uspid="9" ordinal="0" sl="9" sc="1" el="9" ec="2" bec="0" bev="0" fileid="9" />
              </SequencePoints>
              <BranchPoints />
              <MethodPoint vc="1" uspid="0" p8:type="SequencePoint" ordinal="0" offset="0" sc="0" sl="9" ec="1" el="9" bec="0" bev="0" fileid="9" xmlns:p8="xsi" />
            </Method>
          </Methods>
        </Class>
        <Class>
          <Summary numSequencePoints="1" visitedSequencePoints="1" numBranchPoints="0" visitedBranchPoints="0" sequenceCoverage="100" branchCoverage="100" maxCyclomaticComplexity="1" minCyclomaticComplexity="1" visitedClasses="1" numClasses="1" visitedMethods="1" numMethods="1" />
          <FullName>UniShare.Infrastructure.Features.Users.Register.RegisterUserHandler</FullName>
          <Methods>
            <Method cyclomaticComplexity="1" nPathComplexity="1" sequenceCoverage="100" branchCoverage="100" isConstructor="True" isGetter="False" isSetter="False" isStatic="True">
              <Summary numSequencePoints="1" visitedSequencePoints="1" numBranchPoints="0" visitedBranchPoints="0" sequenceCoverage="100" branchCoverage="100" maxCyclomaticComplexity="1" minCyclomaticComplexity="1" visitedClasses="0" numClasses="0" visitedMethods="1" numMethods="1" />
              <MetadataToken />
              <Name>System.Void UniShare.Infrastructure.Features.Users.Register.RegisterUserHandler::.ctor(UniShare.Infrastructure.Persistence.UniShareContext,FluentValidation.IValidator`1&lt;UniShare.Infrastructure.Features.Users.Register.RegisterUserRequest&gt;)</Name>
              <FileRef uid="10" />
              <SequencePoints>
                <SequencePoint vc="8" uspid="9" ordinal="0" sl="9" sc="1" el="9" ec="2" bec="0" bev="0" fileid="10" />
              </SequencePoints>
              <BranchPoints />
              <MethodPoint vc="1" uspid="0" p8:type="SequencePoint" ordinal="0" offset="0" sc="0" sl="9" ec="1" el="9" bec="0" bev="0" fileid="10" xmlns:p8="xsi" />
            </Method>
          </Methods>
        </Class>
        <Class>
          <Summary numSequencePoints="18" visitedSequencePoints="18" numBranchPoints="4" visitedBranchPoints="4" sequenceCoverage="100" branchCoverage="100" maxCyclomaticComplexity="4" minCyclomaticComplexity="4" visitedClasses="1" numClasses="1" visitedMethods="1" numMethods="1" />
          <FullName>UniShare.Infrastructure.Features.Users.Register.RegisterUserHandler/&lt;Handle&gt;d__3</FullName>
          <Methods>
            <Method cyclomaticComplexity="4" nPathComplexity="4" sequenceCoverage="100" branchCoverage="100" isConstructor="False" isGetter="False" isSetter="False" isStatic="True">
              <Summary numSequencePoints="18" visitedSequencePoints="18" numBranchPoints="4" visitedBranchPoints="4" sequenceCoverage="100" branchCoverage="100" maxCyclomaticComplexity="4" minCyclomaticComplexity="4" visitedClasses="0" numClasses="0" visitedMethods="1" numMethods="1" />
              <MetadataToken />
              <Name>System.Void UniShare.Infrastructure.Features.Users.Register.RegisterUserHandler/&lt;Handle&gt;d__3::MoveNext()</Name>
              <FileRef uid="10" />
              <SequencePoints>
                <SequencePoint vc="8" uspid="12" ordinal="0" sl="12" sc="1" el="12" ec="2" bec="0" bev="0" fileid="10" />
                <SequencePoint vc="8" uspid="13" ordinal="1" sl="13" sc="1" el="13" ec="2" bec="0" bev="0" fileid="10" />
                <SequencePoint vc="8" uspid="15" ordinal="2" sl="15" sc="1" el="15" ec="2" bec="2" bev="2" fileid="10" />
                <SequencePoint vc="1" uspid="16" ordinal="3" sl="16" sc="1" el="16" ec="2" bec="0" bev="0" fileid="10" />
                <SequencePoint vc="1" uspid="17" ordinal="4" sl="17" sc="1" el="17" ec="2" bec="0" bev="0" fileid="10" />
                <SequencePoint vc="1" uspid="18" ordinal="5" sl="18" sc="1" el="18" ec="2" bec="0" bev="0" fileid="10" />
                <SequencePoint vc="7" uspid="21" ordinal="6" sl="21" sc="1" el="21" ec="2" bec="0" bev="0" fileid="10" />
                <SequencePoint vc="7" uspid="22" ordinal="7" sl="22" sc="1" el="22" ec="2" bec="2" bev="2" fileid="10" />
                <SequencePoint vc="1" uspid="23" ordinal="8" sl="23" sc="1" el="23" ec="2" bec="0" bev="0" fileid="10" />
                <SequencePoint vc="1" uspid="24" ordinal="9" sl="24" sc="1" el="24" ec="2" bec="0" bev="0" fileid="10" />
                <SequencePoint vc="1" uspid="25" ordinal="10" sl="25" sc="1" el="25" ec="2" bec="0" bev="0" fileid="10" />
                <SequencePoint vc="6" uspid="28" ordinal="11" sl="28" sc="1" el="28" ec="2" bec="0" bev="0" fileid="10" />
                <SequencePoint vc="6" uspid="30" ordinal="12" sl="30" sc="1" el="30" ec="2" bec="0" bev="0" fileid="10" />
                <SequencePoint vc="6" uspid="31" ordinal="13" sl="31" sc="1" el="31" ec="2" bec="0" bev="0" fileid="10" />
                <SequencePoint vc="6" uspid="32" ordinal="14" sl="32" sc="1" el="32" ec="2" bec="0" bev="0" fileid="10" />
                <SequencePoint vc="6" uspid="33" ordinal="15" sl="33" sc="1" el="33" ec="2" bec="0" bev="0" fileid="10" />
                <SequencePoint vc="6" uspid="34" ordinal="16" sl="34" sc="1" el="34" ec="2" bec="0" bev="0" fileid="10" />
                <SequencePoint vc="8" uspid="35" ordinal="17" sl="35" sc="1" el="35" ec="2" bec="0" bev="0" fileid="10" />
              </SequencePoints>
              <BranchPoints>
                <BranchPoint vc="1" uspid="15" ordinal="0" path="0" offset="240" offsetend="242" sl="15" fileid="10" />
                <BranchPoint vc="7" uspid="15" ordinal="1" path="1" offset="240" offsetend="292" sl="15" fileid="10" />
                <BranchPoint vc="1" uspid="22" ordinal="2" path="0" offset="574" offsetend="576" sl="22" fileid="10" />
                <BranchPoint vc="6" uspid="22" ordinal="3" path="1" offset="574" offsetend="645" sl="22" fileid="10" />
              </BranchPoints>
              <MethodPoint vc="18" uspid="0" p8:type="SequencePoint" ordinal="0" offset="0" sc="0" sl="12" ec="1" el="35" bec="0" bev="0" fileid="10" xmlns:p8="xsi" />
            </Method>
          </Methods>
        </Class>
        <Class>
          <Summary numSequencePoints="1" visitedSequencePoints="1" numBranchPoints="0" visitedBranchPoints="0" sequenceCoverage="100" branchCoverage="100" maxCyclomaticComplexity="1" minCyclomaticComplexity="1" visitedClasses="1" numClasses="1" visitedMethods="1" numMethods="1" />
          <FullName>UniShare.Infrastructure.Features.Users.Register.RegisterUserRequest</FullName>
          <Methods>
            <Method cyclomaticComplexity="1" nPathComplexity="1" sequenceCoverage="100" branchCoverage="100" isConstructor="False" isGetter="True" isSetter="False" isStatic="True">
              <Summary numSequencePoints="1" visitedSequencePoints="1" numBranchPoints="0" visitedBranchPoints="0" sequenceCoverage="100" branchCoverage="100" maxCyclomaticComplexity="1" minCyclomaticComplexity="1" visitedClasses="0" numClasses="0" visitedMethods="1" numMethods="1" />
              <MetadataToken />
              <Name>System.String UniShare.Infrastructure.Features.Users.Register.RegisterUserRequest::get_Fullname()</Name>
              <FileRef uid="11" />
              <SequencePoints>
                <SequencePoint vc="96" uspid="3" ordinal="0" sl="3" sc="1" el="3" ec="2" bec="0" bev="0" fileid="11" />
              </SequencePoints>
              <BranchPoints />
              <MethodPoint vc="1" uspid="0" p8:type="SequencePoint" ordinal="0" offset="0" sc="0" sl="3" ec="1" el="3" bec="0" bev="0" fileid="11" xmlns:p8="xsi" />
            </Method>
          </Methods>
        </Class>
        <Class>
          <Summary numSequencePoints="3" visitedSequencePoints="3" numBranchPoints="0" visitedBranchPoints="0" sequenceCoverage="100" branchCoverage="100" maxCyclomaticComplexity="1" minCyclomaticComplexity="1" visitedClasses="1" numClasses="1" visitedMethods="1" numMethods="1" />
          <FullName>UniShare.Infrastructure.Features.Users.Login.LoginHandler</FullName>
          <Methods>
            <Method cyclomaticComplexity="1" nPathComplexity="1" sequenceCoverage="100" branchCoverage="100" isConstructor="True" isGetter="False" isSetter="False" isStatic="True">
              <Summary numSequencePoints="3" visitedSequencePoints="3" numBranchPoints="0" visitedBranchPoints="0" sequenceCoverage="100" branchCoverage="100" maxCyclomaticComplexity="1" minCyclomaticComplexity="1" visitedClasses="0" numClasses="0" visitedMethods="1" numMethods="1" />
              <MetadataToken />
              <Name>System.Void UniShare.Infrastructure.Features.Users.Login.LoginHandler::.ctor(UniShare.Infrastructure.Persistence.UniShareContext,FluentValidation.IValidator`1&lt;UniShare.Infrastructure.Features.Users.Login.LoginRequest&gt;)</Name>
              <FileRef uid="12" />
              <SequencePoints>
                <SequencePoint vc="11" uspid="7" ordinal="0" sl="7" sc="1" el="7" ec="2" bec="0" bev="0" fileid="12" />
                <SequencePoint vc="11" uspid="8" ordinal="1" sl="8" sc="1" el="8" ec="2" bec="0" bev="0" fileid="12" />
                <SequencePoint vc="11" uspid="9" ordinal="2" sl="9" sc="1" el="9" ec="2" bec="0" bev="0" fileid="12" />
              </SequencePoints>
              <BranchPoints />
              <MethodPoint vc="3" uspid="0" p8:type="SequencePoint" ordinal="0" offset="0" sc="0" sl="7" ec="1" el="9" bec="0" bev="0" fileid="12" xmlns:p8="xsi" />
            </Method>
          </Methods>
        </Class>
        <Class>
          <Summary numSequencePoints="3" visitedSequencePoints="3" numBranchPoints="0" visitedBranchPoints="0" sequenceCoverage="100" branchCoverage="100" maxCyclomaticComplexity="1" minCyclomaticComplexity="1" visitedClasses="1" numClasses="1" visitedMethods="3" numMethods="3" />
          <FullName>UniShare.Infrastructure.Features.Users.Login.LoginHandler/&lt;&gt;c</FullName>
          <Methods>
            <Method cyclomaticComplexity="1" nPathComplexity="1" sequenceCoverage="100" branchCoverage="100" isConstructor="False" isGetter="False" isSetter="False" isStatic="True">
              <Summary numSequencePoints="1" visitedSequencePoints="1" numBranchPoints="0" visitedBranchPoints="0" sequenceCoverage="100" branchCoverage="100" maxCyclomaticComplexity="1" minCyclomaticComplexity="1" visitedClasses="0" numClasses="0" visitedMethods="1" numMethods="1" />
              <MetadataToken />
              <Name>System.String UniShare.Infrastructure.Features.Users.Login.LoginHandler/&lt;&gt;c::&lt;Handle&gt;b__3_0(FluentValidation.Results.ValidationFailure)</Name>
              <FileRef uid="12" />
              <SequencePoints>
                <SequencePoint vc="3" uspid="17" ordinal="0" sl="17" sc="1" el="17" ec="2" bec="0" bev="0" fileid="12" />
              </SequencePoints>
              <BranchPoints />
              <MethodPoint vc="1" uspid="0" p8:type="SequencePoint" ordinal="0" offset="0" sc="0" sl="17" ec="1" el="17" bec="0" bev="0" fileid="12" xmlns:p8="xsi" />
            </Method>
            <Method cyclomaticComplexity="1" nPathComplexity="1" sequenceCoverage="100" branchCoverage="100" isConstructor="False" isGetter="False" isSetter="False" isStatic="True">
              <Summary numSequencePoints="1" visitedSequencePoints="1" numBranchPoints="0" visitedBranchPoints="0" sequenceCoverage="100" branchCoverage="100" maxCyclomaticComplexity="1" minCyclomaticComplexity="1" visitedClasses="0" numClasses="0" visitedMethods="1" numMethods="1" />
              <MetadataToken />
              <Name>System.String UniShare.Infrastructure.Features.Users.Login.LoginHandler/&lt;&gt;c::&lt;Handle&gt;b__3_1(System.Linq.IGrouping`2&lt;System.String,FluentValidation.Results.ValidationFailure&gt;)</Name>
              <FileRef uid="12" />
              <SequencePoints>
                <SequencePoint vc="3" uspid="19" ordinal="0" sl="19" sc="1" el="19" ec="2" bec="0" bev="0" fileid="12" />
              </SequencePoints>
              <BranchPoints />
              <MethodPoint vc="1" uspid="0" p8:type="SequencePoint" ordinal="1" offset="1" sc="0" sl="19" ec="1" el="19" bec="0" bev="0" fileid="12" xmlns:p8="xsi" />
            </Method>
            <Method cyclomaticComplexity="1" nPathComplexity="1" sequenceCoverage="100" branchCoverage="100" isConstructor="False" isGetter="False" isSetter="False" isStatic="True">
              <Summary numSequencePoints="1" visitedSequencePoints="1" numBranchPoints="0" visitedBranchPoints="0" sequenceCoverage="100" branchCoverage="100" maxCyclomaticComplexity="1" minCyclomaticComplexity="1" visitedClasses="0" numClasses="0" visitedMethods="1" numMethods="1" />
              <MetadataToken />
              <Name>System.String[] UniShare.Infrastructure.Features.Users.Login.LoginHandler/&lt;&gt;c::&lt;Handle&gt;b__3_2(System.Linq.IGrouping`2&lt;System.String,FluentValidation.Results.ValidationFailure&gt;)</Name>
              <FileRef uid="12" />
              <SequencePoints>
                <SequencePoint vc="6" uspid="20" ordinal="0" sl="20" sc="1" el="20" ec="2" bec="0" bev="0" fileid="12" />
              </SequencePoints>
              <BranchPoints />
              <MethodPoint vc="1" uspid="0" p8:type="SequencePoint" ordinal="2" offset="2" sc="0" sl="20" ec="1" el="20" bec="0" bev="0" fileid="12" xmlns:p8="xsi" />
            </Method>
          </Methods>
        </Class>
        <Class>
          <Summary numSequencePoints="20" visitedSequencePoints="20" numBranchPoints="6" visitedBranchPoints="6" sequenceCoverage="100" branchCoverage="100" maxCyclomaticComplexity="6" minCyclomaticComplexity="6" visitedClasses="1" numClasses="1" visitedMethods="1" numMethods="1" />
          <FullName>UniShare.Infrastructure.Features.Users.Login.LoginHandler/&lt;Handle&gt;d__3</FullName>
          <Methods>
            <Method cyclomaticComplexity="6" nPathComplexity="6" sequenceCoverage="100" branchCoverage="100" isConstructor="False" isGetter="False" isSetter="False" isStatic="True">
              <Summary numSequencePoints="20" visitedSequencePoints="20" numBranchPoints="6" visitedBranchPoints="6" sequenceCoverage="100" branchCoverage="100" maxCyclomaticComplexity="6" minCyclomaticComplexity="6" visitedClasses="0" numClasses="0" visitedMethods="1" numMethods="1" />
              <MetadataToken />
              <Name>System.Void UniShare.Infrastructure.Features.Users.Login.LoginHandler/&lt;Handle&gt;d__3::MoveNext()</Name>
              <FileRef uid="12" />
              <SequencePoints>
                <SequencePoint vc="11" uspid="12" ordinal="0" sl="12" sc="1" el="12" ec="2" bec="0" bev="0" fileid="12" />
                <SequencePoint vc="11" uspid="13" ordinal="1" sl="13" sc="1" el="13" ec="2" bec="0" bev="0" fileid="12" />
                <SequencePoint vc="11" uspid="14" ordinal="2" sl="14" sc="1" el="14" ec="2" bec="2" bev="2" fileid="12" />
                <SequencePoint vc="2" uspid="15" ordinal="3" sl="15" sc="1" el="15" ec="2" bec="0" bev="0" fileid="12" />
                <SequencePoint vc="2" uspid="16" ordinal="4" sl="16" sc="1" el="16" ec="2" bec="0" bev="0" fileid="12" />
                <SequencePoint vc="2" uspid="18" ordinal="5" sl="18" sc="1" el="18" ec="2" bec="0" bev="0" fileid="12" />
                <SequencePoint vc="2" uspid="21" ordinal="6" sl="21" sc="1" el="21" ec="2" bec="0" bev="0" fileid="12" />
                <SequencePoint vc="2" uspid="23" ordinal="7" sl="23" sc="1" el="23" ec="2" bec="0" bev="0" fileid="12" />
                <SequencePoint vc="2" uspid="24" ordinal="8" sl="24" sc="1" el="24" ec="2" bec="0" bev="0" fileid="12" />
                <SequencePoint vc="9" uspid="27" ordinal="9" sl="27" sc="1" el="27" ec="2" bec="0" bev="0" fileid="12" />
                <SequencePoint vc="9" uspid="28" ordinal="10" sl="28" sc="1" el="28" ec="2" bec="0" bev="0" fileid="12" />
                <SequencePoint vc="9" uspid="30" ordinal="11" sl="30" sc="1" el="30" ec="2" bec="4" bev="4" fileid="12" />
                <SequencePoint vc="4" uspid="31" ordinal="12" sl="31" sc="1" el="31" ec="2" bec="0" bev="0" fileid="12" />
                <SequencePoint vc="4" uspid="32" ordinal="13" sl="32" sc="1" el="32" ec="2" bec="0" bev="0" fileid="12" />
                <SequencePoint vc="4" uspid="33" ordinal="14" sl="33" sc="1" el="33" ec="2" bec="0" bev="0" fileid="12" />
                <SequencePoint vc="5" uspid="36" ordinal="15" sl="36" sc="1" el="36" ec="2" bec="0" bev="0" fileid="12" />
                <SequencePoint vc="5" uspid="38" ordinal="16" sl="38" sc="1" el="38" ec="2" bec="0" bev="0" fileid="12" />
                <SequencePoint vc="5" uspid="39" ordinal="17" sl="39" sc="1" el="39" ec="2" bec="0" bev="0" fileid="12" />
                <SequencePoint vc="5" uspid="40" ordinal="18" sl="40" sc="1" el="40" ec="2" bec="0" bev="0" fileid="12" />
                <SequencePoint vc="11" uspid="41" ordinal="19" sl="41" sc="1" el="41" ec="2" bec="0" bev="0" fileid="12" />
              </SequencePoints>
              <BranchPoints>
                <BranchPoint vc="2" uspid="14" ordinal="0" path="0" offset="223" offsetend="228" sl="14" fileid="12" />
                <BranchPoint vc="9" uspid="14" ordinal="1" path="1" offset="223" offsetend="393" sl="14" fileid="12" />
                <BranchPoint vc="6" uspid="30" ordinal="2" path="0" offset="668" offsetend="670" sl="30" fileid="12" />
                <BranchPoint vc="3" uspid="30" ordinal="3" path="1" offset="668" offsetend="709" sl="30" fileid="12" />
                <BranchPoint vc="4" uspid="30" ordinal="4" path="0" offset="714" offsetend="716" sl="30" fileid="12" />
                <BranchPoint vc="5" uspid="30" ordinal="5" path="1" offset="714" offsetend="761" sl="30" fileid="12" />
              </BranchPoints>
              <MethodPoint vc="20" uspid="0" p8:type="SequencePoint" ordinal="0" offset="0" sc="0" sl="12" ec="1" el="41" bec="0" bev="0" fileid="12" xmlns:p8="xsi" />
            </Method>
          </Methods>
        </Class>
        <Class>
          <Summary numSequencePoints="1" visitedSequencePoints="1" numBranchPoints="0" visitedBranchPoints="0" sequenceCoverage="100" branchCoverage="100" maxCyclomaticComplexity="1" minCyclomaticComplexity="1" visitedClasses="1" numClasses="1" visitedMethods="1" numMethods="1" />
          <FullName>UniShare.Infrastructure.Features.Users.Login.LoginRequest</FullName>
          <Methods>
            <Method cyclomaticComplexity="1" nPathComplexity="1" sequenceCoverage="100" branchCoverage="100" isConstructor="False" isGetter="True" isSetter="False" isStatic="True">
              <Summary numSequencePoints="1" visitedSequencePoints="1" numBranchPoints="0" visitedBranchPoints="0" sequenceCoverage="100" branchCoverage="100" maxCyclomaticComplexity="1" minCyclomaticComplexity="1" visitedClasses="0" numClasses="0" visitedMethods="1" numMethods="1" />
              <MetadataToken />
              <Name>System.String UniShare.Infrastructure.Features.Users.Login.LoginRequest::get_Email()</Name>
              <FileRef uid="13" />
              <SequencePoints>
                <SequencePoint vc="40" uspid="3" ordinal="0" sl="3" sc="1" el="3" ec="2" bec="0" bev="0" fileid="13" />
              </SequencePoints>
              <BranchPoints />
              <MethodPoint vc="1" uspid="0" p8:type="SequencePoint" ordinal="0" offset="0" sc="0" sl="3" ec="1" el="3" bec="0" bev="0" fileid="13" xmlns:p8="xsi" />
            </Method>
          </Methods>
        </Class>
        <Class>
          <Summary numSequencePoints="1" visitedSequencePoints="1" numBranchPoints="0" visitedBranchPoints="0" sequenceCoverage="100" branchCoverage="100" maxCyclomaticComplexity="1" minCyclomaticComplexity="1" visitedClasses="1" numClasses="1" visitedMethods="1" numMethods="1" />
          <FullName>UniShare.Infrastructure.Features.Users.Login.LoginResponse</FullName>
          <Methods>
            <Method cyclomaticComplexity="1" nPathComplexity="1" sequenceCoverage="100" branchCoverage="100" isConstructor="False" isGetter="True" isSetter="False" isStatic="True">
              <Summary numSequencePoints="1" visitedSequencePoints="1" numBranchPoints="0" visitedBranchPoints="0" sequenceCoverage="100" branchCoverage="100" maxCyclomaticComplexity="1" minCyclomaticComplexity="1" visitedClasses="0" numClasses="0" visitedMethods="1" numMethods="1" />
              <MetadataToken />
              <Name>System.String UniShare.Infrastructure.Features.Users.Login.LoginResponse::get_Token()</Name>
              <FileRef uid="14" />
              <SequencePoints>
                <SequencePoint vc="19" uspid="3" ordinal="0" sl="3" sc="1" el="3" ec="2" bec="0" bev="0" fileid="14" />
              </SequencePoints>
              <BranchPoints />
              <MethodPoint vc="1" uspid="0" p8:type="SequencePoint" ordinal="0" offset="0" sc="0" sl="3" ec="1" el="3" bec="0" bev="0" fileid="14" xmlns:p8="xsi" />
            </Method>
          </Methods>
        </Class>
        <Class>
          <Summary numSequencePoints="1" visitedSequencePoints="1" numBranchPoints="0" visitedBranchPoints="0" sequenceCoverage="100" branchCoverage="100" maxCyclomaticComplexity="1" minCyclomaticComplexity="1" visitedClasses="1" numClasses="1" visitedMethods="1" numMethods="1" />
          <FullName>UniShare.Infrastructure.Features.Users.Login.UserDto</FullName>
          <Methods>
            <Method cyclomaticComplexity="1" nPathComplexity="1" sequenceCoverage="100" branchCoverage="100" isConstructor="False" isGetter="True" isSetter="False" isStatic="True">
              <Summary numSequencePoints="1" visitedSequencePoints="1" numBranchPoints="0" visitedBranchPoints="0" sequenceCoverage="100" branchCoverage="100" maxCyclomaticComplexity="1" minCyclomaticComplexity="1" visitedClasses="0" numClasses="0" visitedMethods="1" numMethods="1" />
              <MetadataToken />
              <Name>System.Guid UniShare.Infrastructure.Features.Users.Login.UserDto::get_Id()</Name>
              <FileRef uid="15" />
              <SequencePoints>
                <SequencePoint vc="20" uspid="3" ordinal="0" sl="3" sc="1" el="3" ec="2" bec="0" bev="0" fileid="15" />
              </SequencePoints>
              <BranchPoints />
              <MethodPoint vc="1" uspid="0" p8:type="SequencePoint" ordinal="0" offset="0" sc="0" sl="3" ec="1" el="3" bec="0" bev="0" fileid="15" xmlns:p8="xsi" />
            </Method>
          </Methods>
        </Class>
        <Class>
          <Summary numSequencePoints="1" visitedSequencePoints="1" numBranchPoints="0" visitedBranchPoints="0" sequenceCoverage="100" branchCoverage="100" maxCyclomaticComplexity="1" minCyclomaticComplexity="1" visitedClasses="1" numClasses="1" visitedMethods="1" numMethods="1" />
          <FullName>UniShare.Infrastructure.Features.Users.GetAll.GetAllUsersHandler</FullName>
          <Methods>
            <Method cyclomaticComplexity="1" nPathComplexity="1" sequenceCoverage="100" branchCoverage="100" isConstructor="True" isGetter="False" isSetter="False" isStatic="True">
              <Summary numSequencePoints="1" visitedSequencePoints="1" numBranchPoints="0" visitedBranchPoints="0" sequenceCoverage="100" branchCoverage="100" maxCyclomaticComplexity="1" minCyclomaticComplexity="1" visitedClasses="0" numClasses="0" visitedMethods="1" numMethods="1" />
              <MetadataToken />
              <Name>System.Void UniShare.Infrastructure.Features.Users.GetAll.GetAllUsersHandler::.ctor(UniShare.Infrastructure.Persistence.UniShareContext)</Name>
              <FileRef uid="16" />
              <SequencePoints>
                <SequencePoint vc="5" uspid="7" ordinal="0" sl="7" sc="1" el="7" ec="2" bec="0" bev="0" fileid="16" />
              </SequencePoints>
              <BranchPoints />
              <MethodPoint vc="1" uspid="0" p8:type="SequencePoint" ordinal="0" offset="0" sc="0" sl="7" ec="1" el="7" bec="0" bev="0" fileid="16" xmlns:p8="xsi" />
            </Method>
          </Methods>
        </Class>
        <Class>
          <Summary numSequencePoints="5" visitedSequencePoints="5" numBranchPoints="0" visitedBranchPoints="0" sequenceCoverage="100" branchCoverage="100" maxCyclomaticComplexity="1" minCyclomaticComplexity="1" visitedClasses="1" numClasses="1" visitedMethods="1" numMethods="1" />
          <FullName>UniShare.Infrastructure.Features.Users.GetAll.GetAllUsersHandler/&lt;Handle&gt;d__2</FullName>
          <Methods>
            <Method cyclomaticComplexity="1" nPathComplexity="1" sequenceCoverage="100" branchCoverage="100" isConstructor="False" isGetter="False" isSetter="False" isStatic="True">
              <Summary numSequencePoints="5" visitedSequencePoints="5" numBranchPoints="0" visitedBranchPoints="0" sequenceCoverage="100" branchCoverage="100" maxCyclomaticComplexity="1" minCyclomaticComplexity="1" visitedClasses="0" numClasses="0" visitedMethods="1" numMethods="1" />
              <MetadataToken />
              <Name>System.Void UniShare.Infrastructure.Features.Users.GetAll.GetAllUsersHandler/&lt;Handle&gt;d__2::MoveNext()</Name>
              <FileRef uid="16" />
              <SequencePoints>
                <SequencePoint vc="5" uspid="10" ordinal="0" sl="10" sc="1" el="10" ec="2" bec="0" bev="0" fileid="16" />
                <SequencePoint vc="5" uspid="11" ordinal="1" sl="11" sc="1" el="11" ec="2" bec="0" bev="0" fileid="16" />
[...]
                <SequencePoint vc="0" uspid="60" ordinal="11" sl="60" sc="1" el="60" ec="2" bec="0" bev="0" fileid="40" />
                <SequencePoint vc="165" uspid="61" ordinal="12" sl="61" sc="1" el="61" ec="2" bec="0" bev="0" fileid="40" />
                <SequencePoint vc="165" uspid="62" ordinal="13" sl="62" sc="1" el="62" ec="2" bec="0" bev="0" fileid="40" />
              </SequencePoints>
              <BranchPoints />
              <MethodPoint vc="10" uspid="0" p8:type="SequencePoint" ordinal="4" offset="4" sc="0" sl="48" ec="1" el="62" bec="0" bev="0" fileid="40" xmlns:p8="xsi" />
            </Method>
            <Method cyclomaticComplexity="1" nPathComplexity="1" sequenceCoverage="100" branchCoverage="100" isConstructor="True" isGetter="False" isSetter="False" isStatic="True">
              <Summary numSequencePoints="2" visitedSequencePoints="2" numBranchPoints="0" visitedBranchPoints="0" sequenceCoverage="100" branchCoverage="100" maxCyclomaticComplexity="1" minCyclomaticComplexity="1" visitedClasses="0" numClasses="0" visitedMethods="1" numMethods="1" />
              <MetadataToken />
              <Name>System.Void UniShare.Common.Log::.cctor()</Name>
              <FileRef uid="40" />
              <SequencePoints>
                <SequencePoint vc="1" uspid="5" ordinal="0" sl="5" sc="1" el="5" ec="2" bec="0" bev="0" fileid="40" />
                <SequencePoint vc="1" uspid="6" ordinal="1" sl="6" sc="1" el="6" ec="2" bec="0" bev="0" fileid="40" />
              </SequencePoints>
              <BranchPoints />
              <MethodPoint vc="2" uspid="0" p8:type="SequencePoint" ordinal="5" offset="5" sc="0" sl="5" ec="1" el="6" bec="0" bev="0" fileid="40" xmlns:p8="xsi" />
            </Method>
          </Methods>
        </Class>
        <Class>
          <Summary numSequencePoints="52" visitedSequencePoints="41" numBranchPoints="0" visitedBranchPoints="0" sequenceCoverage="78.84" branchCoverage="100" maxCyclomaticComplexity="1" minCyclomaticComplexity="1" visitedClasses="1" numClasses="1" visitedMethods="1" numMethods="1" />
          <FullName>UniShare.Api.BookingApi</FullName>
          <Methods>
            <Method cyclomaticComplexity="1" nPathComplexity="1" sequenceCoverage="78.84" branchCoverage="100" isConstructor="False" isGetter="False" isSetter="False" isStatic="True">
              <Summary numSequencePoints="52" visitedSequencePoints="41" numBranchPoints="0" visitedBranchPoints="0" sequenceCoverage="78.84" branchCoverage="100" maxCyclomaticComplexity="1" minCyclomaticComplexity="1" visitedClasses="0" numClasses="0" visitedMethods="1" numMethods="1" />
              <MetadataToken />
              <Name>System.Void UniShare.Api.BookingApi::MapBookingEndpoints(Microsoft.AspNetCore.Routing.IEndpointRouteBuilder)</Name>
              <FileRef uid="41" />
              <SequencePoints>
                <SequencePoint vc="1" uspid="13" ordinal="0" sl="13" sc="1" el="13" ec="2" bec="0" bev="0" fileid="41" />
                <SequencePoint vc="1" uspid="14" ordinal="1" sl="14" sc="1" el="14" ec="2" bec="0" bev="0" fileid="41" />
                <SequencePoint vc="1" uspid="15" ordinal="2" sl="15" sc="1" el="15" ec="2" bec="0" bev="0" fileid="41" />
                <SequencePoint vc="1" uspid="16" ordinal="3" sl="16" sc="1" el="16" ec="2" bec="0" bev="0" fileid="41" />
                <SequencePoint vc="0" uspid="17" ordinal="4" sl="17" sc="1" el="17" ec="2" bec="0" bev="0" fileid="41" />
                <SequencePoint vc="1" uspid="18" ordinal="5" sl="18" sc="1" el="18" ec="2" bec="0" bev="0" fileid="41" />
                <SequencePoint vc="1" uspid="19" ordinal="6" sl="19" sc="1" el="19" ec="2" bec="0" bev="0" fileid="41" />
                <SequencePoint vc="1" uspid="20" ordinal="7" sl="20" sc="1" el="20" ec="2" bec="0" bev="0" fileid="41" />
                <SequencePoint vc="1" uspid="21" ordinal="8" sl="21" sc="1" el="21" ec="2" bec="0" bev="0" fileid="41" />
                <SequencePoint vc="1" uspid="22" ordinal="9" sl="22" sc="1" el="22" ec="2" bec="0" bev="0" fileid="41" />
                <SequencePoint vc="1" uspid="24" ordinal="10" sl="24" sc="1" el="24" ec="2" bec="0" bev="0" fileid="41" />
                <SequencePoint vc="1" uspid="25" ordinal="11" sl="25" sc="1" el="25" ec="2" bec="0" bev="0" fileid="41" />
                <SequencePoint vc="0" uspid="26" ordinal="12" sl="26" sc="1" el="26" ec="2" bec="0" bev="0" fileid="41" />
                <SequencePoint vc="1" uspid="27" ordinal="13" sl="27" sc="1" el="27" ec="2" bec="0" bev="0" fileid="41" />
                <SequencePoint vc="1" uspid="29" ordinal="14" sl="29" sc="1" el="29" ec="2" bec="0" bev="0" fileid="41" />
                <SequencePoint vc="1" uspid="30" ordinal="15" sl="30" sc="1" el="30" ec="2" bec="0" bev="0" fileid="41" />
                <SequencePoint vc="1" uspid="31" ordinal="16" sl="31" sc="1" el="31" ec="2" bec="0" bev="0" fileid="41" />
                <SequencePoint vc="1" uspid="32" ordinal="17" sl="32" sc="1" el="32" ec="2" bec="0" bev="0" fileid="41" />
                <SequencePoint vc="0" uspid="33" ordinal="18" sl="33" sc="1" el="33" ec="2" bec="0" bev="0" fileid="41" />
                <SequencePoint vc="0" uspid="34" ordinal="19" sl="34" sc="1" el="34" ec="2" bec="0" bev="0" fileid="41" />
                <SequencePoint vc="0" uspid="35" ordinal="20" sl="35" sc="1" el="35" ec="2" bec="0" bev="0" fileid="41" />
                <SequencePoint vc="0" uspid="36" ordinal="21" sl="36" sc="1" el="36" ec="2" bec="0" bev="0" fileid="41" />
                <SequencePoint vc="1" uspid="37" ordinal="22" sl="37" sc="1" el="37" ec="2" bec="0" bev="0" fileid="41" />
                <SequencePoint vc="1" uspid="38" ordinal="23" sl="38" sc="1" el="38" ec="2" bec="0" bev="0" fileid="41" />
                <SequencePoint vc="1" uspid="39" ordinal="24" sl="39" sc="1" el="39" ec="2" bec="0" bev="0" fileid="41" />
                <SequencePoint vc="1" uspid="40" ordinal="25" sl="40" sc="1" el="40" ec="2" bec="0" bev="0" fileid="41" />
                <SequencePoint vc="1" uspid="41" ordinal="26" sl="41" sc="1" el="41" ec="2" bec="0" bev="0" fileid="41" />
                <SequencePoint vc="1" uspid="42" ordinal="27" sl="42" sc="1" el="42" ec="2" bec="0" bev="0" fileid="41" />
                <SequencePoint vc="1" uspid="43" ordinal="28" sl="43" sc="1" el="43" ec="2" bec="0" bev="0" fileid="41" />
                <SequencePoint vc="1" uspid="45" ordinal="29" sl="45" sc="1" el="45" ec="2" bec="0" bev="0" fileid="41" />
                <SequencePoint vc="1" uspid="46" ordinal="30" sl="46" sc="1" el="46" ec="2" bec="0" bev="0" fileid="41" />
                <SequencePoint vc="1" uspid="47" ordinal="31" sl="47" sc="1" el="47" ec="2" bec="0" bev="0" fileid="41" />
                <SequencePoint vc="0" uspid="48" ordinal="32" sl="48" sc="1" el="48" ec="2" bec="0" bev="0" fileid="41" />
                <SequencePoint vc="0" uspid="49" ordinal="33" sl="49" sc="1" el="49" ec="2" bec="0" bev="0" fileid="41" />
                <SequencePoint vc="0" uspid="50" ordinal="34" sl="50" sc="1" el="50" ec="2" bec="0" bev="0" fileid="41" />
                <SequencePoint vc="0" uspid="51" ordinal="35" sl="51" sc="1" el="51" ec="2" bec="0" bev="0" fileid="41" />
                <SequencePoint vc="1" uspid="52" ordinal="36" sl="52" sc="1" el="52" ec="2" bec="0" bev="0" fileid="41" />
                <SequencePoint vc="1" uspid="53" ordinal="37" sl="53" sc="1" el="53" ec="2" bec="0" bev="0" fileid="41" />
                <SequencePoint vc="1" uspid="54" ordinal="38" sl="54" sc="1" el="54" ec="2" bec="0" bev="0" fileid="41" />
                <SequencePoint vc="1" uspid="55" ordinal="39" sl="55" sc="1" el="55" ec="2" bec="0" bev="0" fileid="41" />
                <SequencePoint vc="1" uspid="56" ordinal="40" sl="56" sc="1" el="56" ec="2" bec="0" bev="0" fileid="41" />
                <SequencePoint vc="1" uspid="57" ordinal="41" sl="57" sc="1" el="57" ec="2" bec="0" bev="0" fileid="41" />
                <SequencePoint vc="1" uspid="59" ordinal="42" sl="59" sc="1" el="59" ec="2" bec="0" bev="0" fileid="41" />
                <SequencePoint vc="1" uspid="60" ordinal="43" sl="60" sc="1" el="60" ec="2" bec="0" bev="0" fileid="41" />
                <SequencePoint vc="0" uspid="61" ordinal="44" sl="61" sc="1" el="61" ec="2" bec="0" bev="0" fileid="41" />
                <SequencePoint vc="1" uspid="62" ordinal="45" sl="62" sc="1" el="62" ec="2" bec="0" bev="0" fileid="41" />
                <SequencePoint vc="1" uspid="63" ordinal="46" sl="63" sc="1" el="63" ec="2" bec="0" bev="0" fileid="41" />
                <SequencePoint vc="1" uspid="64" ordinal="47" sl="64" sc="1" el="64" ec="2" bec="0" bev="0" fileid="41" />
                <SequencePoint vc="1" uspid="65" ordinal="48" sl="65" sc="1" el="65" ec="2" bec="0" bev="0" fileid="41" />
                <SequencePoint vc="1" uspid="66" ordinal="49" sl="66" sc="1" el="66" ec="2" bec="0" bev="0" fileid="41" />
                <SequencePoint vc="1" uspid="67" ordinal="50" sl="67" sc="1" el="67" ec="2" bec="0" bev="0" fileid="41" />
                <SequencePoint vc="1" uspid="68" ordinal="51" sl="68" sc="1" el="68" ec="2" bec="0" bev="0" fileid="41" />
              </SequencePoints>
              <BranchPoints />
              <MethodPoint vc="41" uspid="0" p8:type="SequencePoint" ordinal="0" offset="0" sc="0" sl="13" ec="1" el="68" bec="0" bev="0" fileid="41" xmlns:p8="xsi" />
            </Method>
          </Methods>
        </Class>
        <Class>
          <Summary numSequencePoints="31" visitedSequencePoints="22" numBranchPoints="0" visitedBranchPoints="0" sequenceCoverage="70.96" branchCoverage="100" maxCyclomaticComplexity="1" minCyclomaticComplexity="1" visitedClasses="1" numClasses="1" visitedMethods="1" numMethods="1" />
          <FullName>UniShare.Api.ItemApi</FullName>
          <Methods>
            <Method cyclomaticComplexity="1" nPathComplexity="1" sequenceCoverage="70.96" branchCoverage="100" isConstructor="False" isGetter="False" isSetter="False" isStatic="True">
              <Summary numSequencePoints="31" visitedSequencePoints="22" numBranchPoints="0" visitedBranchPoints="0" sequenceCoverage="70.96" branchCoverage="100" maxCyclomaticComplexity="1" minCyclomaticComplexity="1" visitedClasses="0" numClasses="0" visitedMethods="1" numMethods="1" />
              <MetadataToken />
              <Name>System.Void UniShare.Api.ItemApi::MapItemEndpoints(Microsoft.AspNetCore.Routing.IEndpointRouteBuilder)</Name>
              <FileRef uid="42" />
              <SequencePoints>
                <SequencePoint vc="1" uspid="14" ordinal="0" sl="14" sc="1" el="14" ec="2" bec="0" bev="0" fileid="42" />
                <SequencePoint vc="1" uspid="15" ordinal="1" sl="15" sc="1" el="15" ec="2" bec="0" bev="0" fileid="42" />
                <SequencePoint vc="1" uspid="16" ordinal="2" sl="16" sc="1" el="16" ec="2" bec="0" bev="0" fileid="42" />
                <SequencePoint vc="1" uspid="17" ordinal="3" sl="17" sc="1" el="17" ec="2" bec="0" bev="0" fileid="42" />
                <SequencePoint vc="1" uspid="18" ordinal="4" sl="18" sc="1" el="18" ec="2" bec="0" bev="0" fileid="42" />
                <SequencePoint vc="1" uspid="19" ordinal="5" sl="19" sc="1" el="19" ec="2" bec="0" bev="0" fileid="42" />
                <SequencePoint vc="1" uspid="20" ordinal="6" sl="20" sc="1" el="20" ec="2" bec="0" bev="0" fileid="42" />
                <SequencePoint vc="1" uspid="22" ordinal="7" sl="22" sc="1" el="22" ec="2" bec="0" bev="0" fileid="42" />
                <SequencePoint vc="1" uspid="23" ordinal="8" sl="23" sc="1" el="23" ec="2" bec="0" bev="0" fileid="42" />
                <SequencePoint vc="1" uspid="25" ordinal="9" sl="25" sc="1" el="25" ec="2" bec="0" bev="0" fileid="42" />
                <SequencePoint vc="0" uspid="26" ordinal="10" sl="26" sc="1" el="26" ec="2" bec="0" bev="0" fileid="42" />
                <SequencePoint vc="0" uspid="27" ordinal="11" sl="27" sc="1" el="27" ec="2" bec="0" bev="0" fileid="42" />
                <SequencePoint vc="0" uspid="28" ordinal="12" sl="28" sc="1" el="28" ec="2" bec="0" bev="0" fileid="42" />
                <SequencePoint vc="0" uspid="29" ordinal="13" sl="29" sc="1" el="29" ec="2" bec="0" bev="0" fileid="42" />
                <SequencePoint vc="0" uspid="30" ordinal="14" sl="30" sc="1" el="30" ec="2" bec="0" bev="0" fileid="42" />
                <SequencePoint vc="1" uspid="31" ordinal="15" sl="31" sc="1" el="31" ec="2" bec="0" bev="0" fileid="42" />
                <SequencePoint vc="1" uspid="32" ordinal="16" sl="32" sc="1" el="32" ec="2" bec="0" bev="0" fileid="42" />
                <SequencePoint vc="0" uspid="33" ordinal="17" sl="33" sc="1" el="33" ec="2" bec="0" bev="0" fileid="42" />
                <SequencePoint vc="0" uspid="34" ordinal="18" sl="34" sc="1" el="34" ec="2" bec="0" bev="0" fileid="42" />
                <SequencePoint vc="0" uspid="35" ordinal="19" sl="35" sc="1" el="35" ec="2" bec="0" bev="0" fileid="42" />
                <SequencePoint vc="1" uspid="36" ordinal="20" sl="36" sc="1" el="36" ec="2" bec="0" bev="0" fileid="42" />
                <SequencePoint vc="1" uspid="37" ordinal="21" sl="37" sc="1" el="37" ec="2" bec="0" bev="0" fileid="42" />
                <SequencePoint vc="1" uspid="38" ordinal="22" sl="38" sc="1" el="38" ec="2" bec="0" bev="0" fileid="42" />
                <SequencePoint vc="1" uspid="40" ordinal="23" sl="40" sc="1" el="40" ec="2" bec="0" bev="0" fileid="42" />
                <SequencePoint vc="0" uspid="41" ordinal="24" sl="41" sc="1" el="41" ec="2" bec="0" bev="0" fileid="42" />
                <SequencePoint vc="1" uspid="42" ordinal="25" sl="42" sc="1" el="42" ec="2" bec="0" bev="0" fileid="42" />
                <SequencePoint vc="1" uspid="43" ordinal="26" sl="43" sc="1" el="43" ec="2" bec="0" bev="0" fileid="42" />
                <SequencePoint vc="1" uspid="44" ordinal="27" sl="44" sc="1" el="44" ec="2" bec="0" bev="0" fileid="42" />
                <SequencePoint vc="1" uspid="45" ordinal="28" sl="45" sc="1" el="45" ec="2" bec="0" bev="0" fileid="42" />
                <SequencePoint vc="1" uspid="46" ordinal="29" sl="46" sc="1" el="46" ec="2" bec="0" bev="0" fileid="42" />
                <SequencePoint vc="1" uspid="47" ordinal="30" sl="47" sc="1" el="47" ec="2" bec="0" bev="0" fileid="42" />
              </SequencePoints>
              <BranchPoints />
              <MethodPoint vc="22" uspid="0" p8:type="SequencePoint" ordinal="0" offset="0" sc="0" sl="14" ec="1" el="47" bec="0" bev="0" fileid="42" xmlns:p8="xsi" />
            </Method>
          </Methods>
        </Class>
        <Class>
          <Summary numSequencePoints="0" visitedSequencePoints="0" numBranchPoints="8" visitedBranchPoints="0" sequenceCoverage="100" branchCoverage="0" maxCyclomaticComplexity="8" minCyclomaticComplexity="8" visitedClasses="0" numClasses="1" visitedMethods="0" numMethods="0" />
          <FullName>UniShare.Api.ItemApi/&lt;&gt;c/&lt;&lt;MapItemEndpoints&gt;b__0_2&gt;d</FullName>
          <Methods />
        </Class>
        <Class>
          <Summary numSequencePoints="8" visitedSequencePoints="6" numBranchPoints="0" visitedBranchPoints="0" sequenceCoverage="75" branchCoverage="100" maxCyclomaticComplexity="1" minCyclomaticComplexity="1" visitedClasses="1" numClasses="1" visitedMethods="1" numMethods="1" />
          <FullName>UniShare.Api.ReviewApi</FullName>
          <Methods>
            <Method cyclomaticComplexity="1" nPathComplexity="1" sequenceCoverage="75" branchCoverage="100" isConstructor="False" isGetter="False" isSetter="False" isStatic="True">
              <Summary numSequencePoints="8" visitedSequencePoints="6" numBranchPoints="0" visitedBranchPoints="0" sequenceCoverage="75" branchCoverage="100" maxCyclomaticComplexity="1" minCyclomaticComplexity="1" visitedClasses="0" numClasses="0" visitedMethods="1" numMethods="1" />
              <MetadataToken />
              <Name>System.Void UniShare.Api.ReviewApi::MapReviewEndpoints(Microsoft.AspNetCore.Routing.IEndpointRouteBuilder)</Name>
              <FileRef uid="43" />
              <SequencePoints>
                <SequencePoint vc="1" uspid="11" ordinal="0" sl="11" sc="1" el="11" ec="2" bec="0" bev="0" fileid="43" />
                <SequencePoint vc="1" uspid="12" ordinal="1" sl="12" sc="1" el="12" ec="2" bec="0" bev="0" fileid="43" />
                <SequencePoint vc="0" uspid="13" ordinal="2" sl="13" sc="1" el="13" ec="2" bec="0" bev="0" fileid="43" />
                <SequencePoint vc="1" uspid="14" ordinal="3" sl="14" sc="1" el="14" ec="2" bec="0" bev="0" fileid="43" />
                <SequencePoint vc="1" uspid="16" ordinal="4" sl="16" sc="1" el="16" ec="2" bec="0" bev="0" fileid="43" />
                <SequencePoint vc="0" uspid="17" ordinal="5" sl="17" sc="1" el="17" ec="2" bec="0" bev="0" fileid="43" />
                <SequencePoint vc="1" uspid="18" ordinal="6" sl="18" sc="1" el="18" ec="2" bec="0" bev="0" fileid="43" />
                <SequencePoint vc="1" uspid="19" ordinal="7" sl="19" sc="1" el="19" ec="2" bec="0" bev="0" fileid="43" />
              </SequencePoints>
              <BranchPoints />
              <MethodPoint vc="6" uspid="0" p8:type="SequencePoint" ordinal="0" offset="0" sc="0" sl="11" ec="1" el="19" bec="0" bev="0" fileid="43" xmlns:p8="xsi" />
            </Method>
          </Methods>
        </Class>
        <Class>
          <Summary numSequencePoints="8" visitedSequencePoints="8" numBranchPoints="0" visitedBranchPoints="0" sequenceCoverage="100" branchCoverage="100" maxCyclomaticComplexity="1" minCyclomaticComplexity="1" visitedClasses="1" numClasses="1" visitedMethods="1" numMethods="1" />
          <FullName>UniShare.Api.UserApi</FullName>
          <Methods>
            <Method cyclomaticComplexity="1" nPathComplexity="1" sequenceCoverage="100" branchCoverage="100" isConstructor="False" isGetter="False" isSetter="False" isStatic="True">
              <Summary numSequencePoints="8" visitedSequencePoints="8" numBranchPoints="0" visitedBranchPoints="0" sequenceCoverage="100" branchCoverage="100" maxCyclomaticComplexity="1" minCyclomaticComplexity="1" visitedClasses="0" numClasses="0" visitedMethods="1" numMethods="1" />
              <MetadataToken />
              <Name>System.Void UniShare.Api.UserApi::MapUserEndpoints(Microsoft.AspNetCore.Routing.IEndpointRouteBuilder)</Name>
              <FileRef uid="44" />
              <SequencePoints>
                <SequencePoint vc="1" uspid="11" ordinal="0" sl="11" sc="1" el="11" ec="2" bec="0" bev="0" fileid="44" />
                <SequencePoint vc="3" uspid="12" ordinal="1" sl="12" sc="1" el="12" ec="2" bec="0" bev="0" fileid="44" />
                <SequencePoint vc="1" uspid="13" ordinal="2" sl="13" sc="1" el="13" ec="2" bec="0" bev="0" fileid="44" />
                <SequencePoint vc="2" uspid="15" ordinal="3" sl="15" sc="1" el="15" ec="2" bec="0" bev="0" fileid="44" />
                <SequencePoint vc="1" uspid="16" ordinal="4" sl="16" sc="1" el="16" ec="2" bec="0" bev="0" fileid="44" />
                <SequencePoint vc="3" uspid="18" ordinal="5" sl="18" sc="1" el="18" ec="2" bec="0" bev="0" fileid="44" />
                <SequencePoint vc="1" uspid="19" ordinal="6" sl="19" sc="1" el="19" ec="2" bec="0" bev="0" fileid="44" />
                <SequencePoint vc="1" uspid="20" ordinal="7" sl="20" sc="1" el="20" ec="2" bec="0" bev="0" fileid="44" />
              </SequencePoints>
              <BranchPoints />
              <MethodPoint vc="8" uspid="0" p8:type="SequencePoint" ordinal="0" offset="0" sc="0" sl="11" ec="1" el="20" bec="0" bev="0" fileid="44" xmlns:p8="xsi" />
            </Method>
          </Methods>
        </Class>
      </Classes>
    </Module>
  </Modules>
</CoverageSession>